2024-12-05 22:14:25,379 [INFO] Activator:176 - 


2024-12-05 22:14:25,431 [INFO] Activator:177 - !SESSION log4j initialized
2024-12-05 22:14:39,599 [INFO] LogOutputStream:77 - [STDOUT_REDIRECT] 
2024-12-05 22:14:49,783 [INFO] ApplicationProperties:184 - Using Application install path: C:\ST\STM32CubeIDE_1.16.0\STM32CubeIDE\plugins\com.st.stm32cube.common.mx_6.12.0.202406281431
2024-12-05 22:14:49,907 [INFO] DbMcusXml:78 - Set database path to: C:\ST\STM32CubeIDE_1.16.0\STM32CubeIDE\plugins\com.st.stm32cube.common.mx_6.12.0.202406281431\\db\/mcu/
2024-12-05 22:14:49,907 [INFO] ApiDb:274 - Set plugin database path to: C:\ST\STM32CubeIDE_1.16.0\STM32CubeIDE\plugins\com.st.stm32cube.common.mx_6.12.0.202406281431\\db\/plugins/boardmanager/
2024-12-05 22:14:49,908 [WARN] ApiDb:259 - Overriding images path with different value:  => C:\ST\STM32CubeIDE_1.16.0\STM32CubeIDE\plugins\com.st.stm32cube.common.mx_6.12.0.202406281431\\db\/plugins/mcufinder/images/
2024-12-05 22:14:49,950 [INFO] ApiDb:250 - Set database path to: C:\Users\MBRIS\.stmcufinder\plugins\mcufinder//mcu/
2024-12-05 22:14:49,952 [INFO] DbMcusAds:125 - Set database path to: C:\Users\MBRIS\.stmcufinder\plugins\mcufinder//mcu/
2024-12-05 22:14:49,984 [INFO] CrossReferenceDbSqlite:203 - Set database path to: C:\Users\MBRIS\.stmcufinder\plugins\mcufinder//mcu/cs/
2024-12-05 22:14:50,317 [INFO] RulesReader:64 - Compatibility file has been processed (297 Rules)
2024-12-05 22:14:50,528 [INFO] DbMcusXml:78 - Set database path to: C:\ST\STM32CubeIDE_1.16.0\STM32CubeIDE\plugins\com.st.stm32cube.common.mx_6.12.0.202406281431\\db\/mcu/
2024-12-05 22:14:50,528 [INFO] ApiDb:274 - Set plugin database path to: C:\ST\STM32CubeIDE_1.16.0\STM32CubeIDE\plugins\com.st.stm32cube.common.mx_6.12.0.202406281431\\db\/plugins/boardmanager/
2024-12-05 22:14:50,528 [INFO] ApiDb:261 - Set plugin images path to: C:\ST\STM32CubeIDE_1.16.0\STM32CubeIDE\plugins\com.st.stm32cube.common.mx_6.12.0.202406281431\\db\/plugins/mcufinder/images/
2024-12-05 22:14:50,528 [WARN] DbFile:41 - Overriding database path with different value: C:\Users\MBRIS\.stmcufinder\plugins\mcufinder/ => C:\Users\MBRIS\.stmcufinder\plugins\mcufinder
2024-12-05 22:14:50,529 [INFO] ApiDb:250 - Set database path to: C:\Users\MBRIS\.stmcufinder\plugins\mcufinder//mcu/
2024-12-05 22:14:50,529 [WARN] DbFile:41 - Overriding database path with different value: C:\Users\MBRIS\.stmcufinder\plugins\mcufinder/ => C:\Users\MBRIS\.stmcufinder\plugins\mcufinder
2024-12-05 22:14:50,529 [INFO] DbMcusAds:125 - Set database path to: C:\Users\MBRIS\.stmcufinder\plugins\mcufinder//mcu/
2024-12-05 22:14:50,529 [WARN] DbFile:41 - Overriding database path with different value: C:\Users\MBRIS\.stmcufinder\plugins\mcufinder/ => C:\Users\MBRIS\.stmcufinder\plugins\mcufinder
2024-12-05 22:14:50,529 [WARN] DbFile:41 - Overriding database path with different value: C:\Users\MBRIS\.stmcufinder\plugins\mcufinder/ => C:\Users\MBRIS\.stmcufinder\plugins\mcufinder
2024-12-05 22:14:50,543 [INFO] CrossReferenceDbSqlite:203 - Set database path to: C:\Users\MBRIS\.stmcufinder\plugins\mcufinder//mcu/cs/
2024-12-05 22:14:50,894 [INFO] MainPanel:268 - HeapMemory: 268435456
2024-12-05 22:14:51,326 [INFO] DbMcusXml:78 - Set database path to: C:\ST\STM32CubeIDE_1.16.0\STM32CubeIDE\plugins\com.st.stm32cube.common.mx_6.12.0.202406281431\\db\/mcu/
2024-12-05 22:14:51,326 [INFO] ApiDb:274 - Set plugin database path to: C:\ST\STM32CubeIDE_1.16.0\STM32CubeIDE\plugins\com.st.stm32cube.common.mx_6.12.0.202406281431\\db\/plugins/boardmanager/
2024-12-05 22:14:51,326 [INFO] ApiDb:261 - Set plugin images path to: C:\ST\STM32CubeIDE_1.16.0\STM32CubeIDE\plugins\com.st.stm32cube.common.mx_6.12.0.202406281431\\db\/plugins/mcufinder/images/
2024-12-05 22:14:51,326 [WARN] DbFile:41 - Overriding database path with different value: C:\Users\MBRIS\.stmcufinder\plugins\mcufinder/ => C:\Users\MBRIS\.stmcufinder\plugins\mcufinder
2024-12-05 22:14:51,327 [INFO] ApiDb:250 - Set database path to: C:\Users\MBRIS\.stmcufinder\plugins\mcufinder//mcu/
2024-12-05 22:14:51,327 [WARN] DbFile:41 - Overriding database path with different value: C:\Users\MBRIS\.stmcufinder\plugins\mcufinder/ => C:\Users\MBRIS\.stmcufinder\plugins\mcufinder
2024-12-05 22:14:51,327 [INFO] DbMcusAds:125 - Set database path to: C:\Users\MBRIS\.stmcufinder\plugins\mcufinder//mcu/
2024-12-05 22:14:51,327 [WARN] DbFile:41 - Overriding database path with different value: C:\Users\MBRIS\.stmcufinder\plugins\mcufinder/ => C:\Users\MBRIS\.stmcufinder\plugins\mcufinder
2024-12-05 22:14:51,327 [WARN] DbFile:41 - Overriding database path with different value: C:\Users\MBRIS\.stmcufinder\plugins\mcufinder/ => C:\Users\MBRIS\.stmcufinder\plugins\mcufinder
2024-12-05 22:14:51,327 [INFO] CrossReferenceDbSqlite:203 - Set database path to: C:\Users\MBRIS\.stmcufinder\plugins\mcufinder//mcu/cs/
2024-12-05 22:14:51,355 [INFO] ApplicationProperties:184 - Using Application install path: C:\ST\STM32CubeIDE_1.16.0\STM32CubeIDE\plugins\com.st.stm32cube.common.mx_6.12.0.202406281431
2024-12-05 22:14:51,357 [INFO] PluginManage:196 - Search for loadable plugins [exclusion list=, ]
2024-12-05 22:14:51,375 [INFO] PluginManage:310 - Check plugin analytics
2024-12-05 22:14:56,249 [INFO] AnalyticsPlugin:253 - Accepted Software Licenses: 
2024-12-05 22:14:56,250 [INFO] AnalyticsPlugin:255 - Accepted CMSIS Pack Licenses: 
2024-12-05 22:14:56,250 [INFO] AnalyticsPlugin:257 - Accepted Firmware Licenses: 
2024-12-05 22:14:56,253 [INFO] PluginManage:359 - Loaded plugin analytics (category:tool,tabindex:-1)
2024-12-05 22:14:56,254 [INFO] PluginManage:310 - Check plugin cadmodel
2024-12-05 22:14:56,317 [INFO] CADModel:105 - Init CAD model plugin
2024-12-05 22:14:56,318 [INFO] PluginManage:359 - Loaded plugin cadmodel (category:power,tabindex:5)
2024-12-05 22:14:56,318 [INFO] PluginManage:310 - Check plugin clock
2024-12-05 22:14:56,365 [INFO] PluginManage:359 - Loaded plugin clock (category:base,tabindex:2)
2024-12-05 22:14:56,366 [INFO] PluginManage:310 - Check plugin ddr
2024-12-05 22:14:56,452 [INFO] PluginManage:359 - Loaded plugin ddr (category:tool,tabindex:6)
2024-12-05 22:14:56,452 [INFO] PluginManage:310 - Check plugin filemanager
2024-12-05 22:14:57,074 [INFO] PluginManage:359 - Loaded plugin filemanager (category:base,tabindex:10)
2024-12-05 22:14:57,074 [INFO] PluginManage:310 - Check plugin ipmanager
2024-12-05 22:14:57,114 [INFO] PluginManage:359 - Loaded plugin ipmanager (category:base,tabindex:5)
2024-12-05 22:14:57,114 [INFO] PluginManage:310 - Check plugin lpbam
2024-12-05 22:14:57,141 [INFO] PluginManage:359 - Loaded plugin lpbam (category:base,tabindex:0)
2024-12-05 22:14:57,141 [INFO] PluginManage:310 - Check plugin memorymap
2024-12-05 22:14:57,246 [INFO] PluginManage:359 - Loaded plugin memorymap (category:base,tabindex:4)
2024-12-05 22:14:57,247 [INFO] PluginManage:310 - Check plugin pinoutandconfiguration
2024-12-05 22:14:57,338 [INFO] PluginManage:359 - Loaded plugin pinoutandconfiguration (category:base,tabindex:1)
2024-12-05 22:14:57,339 [INFO] PluginManage:310 - Check plugin pinoutconfig
2024-12-05 22:14:57,739 [WARN] SupportedApi:132 - Cannot load RTOS API schema: s4s-elt-must-match.1: The content of 'definitions' must match (annotation?, (simpleType | complexType)?, (unique | key | keyref)*)). A problem was found starting at: attribute.
2024-12-05 22:14:58,191 [INFO] PluginManage:359 - Loaded plugin pinoutconfig (category:base,tabindex:0)
2024-12-05 22:14:58,192 [INFO] PluginManage:310 - Check plugin power
2024-12-05 22:14:58,215 [INFO] PluginManage:359 - Loaded plugin power (category:power,tabindex:4)
2024-12-05 22:14:58,216 [INFO] PluginManage:310 - Check plugin projectmanager
2024-12-05 22:14:58,251 [INFO] PluginManage:359 - Loaded plugin projectmanager (category:projectmanager,tabindex:4)
2024-12-05 22:14:58,251 [INFO] PluginManage:310 - Check plugin rif
2024-12-05 22:14:58,348 [INFO] PluginManage:359 - Loaded plugin rif (category:base,tabindex:3)
2024-12-05 22:14:58,348 [INFO] PluginManage:310 - Check plugin thirdparty
2024-12-05 22:14:59,154 [INFO] PluginManage:359 - Loaded plugin thirdparty (category:base,tabindex:-1)
2024-12-05 22:14:59,154 [INFO] PluginManage:310 - Check plugin tools
2024-12-05 22:14:59,154 [WARN] IntegrityCheckThread:84 - waiting for thirdparty lock release [integrity check]
2024-12-05 22:14:59,156 [INFO] IntegrityCheckThread:86 - entering critical section [integrity check]
2024-12-05 22:14:59,156 [INFO] ThirdPartyUpdaterWithRetryManager:70 - Updater plugin not ready yet. [1/15]
2024-12-05 22:14:59,231 [INFO] PluginManage:359 - Loaded plugin tools (category:base,tabindex:7)
2024-12-05 22:14:59,231 [INFO] PluginManage:310 - Check plugin tutovideos
2024-12-05 22:14:59,854 [INFO] PluginManage:359 - Loaded plugin tutovideos (category:base,tabindex:-1)
2024-12-05 22:14:59,854 [INFO] PluginManage:310 - Check plugin updater
2024-12-05 22:14:59,912 [INFO] PluginManage:359 - Loaded plugin updater (category:base,tabindex:12)
2024-12-05 22:14:59,912 [INFO] PluginManage:310 - Check plugin userauth
2024-12-05 22:14:59,971 [INFO] UserAuth:113 - Init User Auth plugin
2024-12-05 22:14:59,971 [INFO] PluginManage:359 - Loaded plugin userauth (category:base,tabindex:14)
2024-12-05 22:14:59,972 [INFO] PluginManage:283 - PluginManage : Loaded plugins [18]
2024-12-05 22:15:01,042 [INFO] PinOutPanel:1561 - setPackage(No Configuration,No Configuration)
2024-12-05 22:15:01,509 [INFO] CADModel:165 - CPN selected for project level
2024-12-05 22:15:01,509 [INFO] CADModel:114 - Register for checkConnection events
2024-12-05 22:15:01,707 [INFO] IPUIPlugin:80 - create IPUIPlugin
2024-12-05 22:15:01,707 [INFO] PluginManager:220 - loadIPPluginJar : add adc
2024-12-05 22:15:01,826 [INFO] IPUIPlugin:80 - create IPUIPlugin
2024-12-05 22:15:01,826 [INFO] PluginManager:220 - loadIPPluginJar : add aes
2024-12-05 22:15:01,921 [INFO] IPUIPlugin:80 - create IPUIPlugin
2024-12-05 22:15:01,921 [INFO] PluginManager:220 - loadIPPluginJar : add can
2024-12-05 22:15:01,958 [INFO] IPUIPlugin:80 - create IPUIPlugin
2024-12-05 22:15:01,958 [INFO] PluginManager:220 - loadIPPluginJar : add comp
2024-12-05 22:15:02,126 [INFO] IPUIPlugin:80 - create IPUIPlugin
2024-12-05 22:15:02,126 [INFO] PluginManager:220 - loadIPPluginJar : add cryp
2024-12-05 22:15:02,158 [INFO] ThirdPartyUpdaterWithRetryManager:70 - Updater plugin not ready yet. [2/15]
2024-12-05 22:15:02,182 [INFO] IPUIPlugin:80 - create IPUIPlugin
2024-12-05 22:15:02,182 [INFO] PluginManager:220 - loadIPPluginJar : add ddr_ctrl_phy
2024-12-05 22:15:02,441 [INFO] IPUIPlugin:80 - create IPUIPlugin
2024-12-05 22:15:02,441 [INFO] PluginManager:220 - loadIPPluginJar : add dfsdm
2024-12-05 22:15:02,484 [INFO] IPUIPlugin:80 - create IPUIPlugin
2024-12-05 22:15:02,484 [INFO] PluginManager:220 - loadIPPluginJar : add dma
2024-12-05 22:15:02,574 [INFO] IPUIPlugin:80 - create IPUIPlugin
2024-12-05 22:15:02,575 [INFO] PluginManager:220 - loadIPPluginJar : add dma3
2024-12-05 22:15:02,668 [INFO] IPUIPlugin:80 - create IPUIPlugin
2024-12-05 22:15:02,668 [INFO] PluginManager:220 - loadIPPluginJar : add extmemmanager
2024-12-05 22:15:02,739 [INFO] IPUIPlugin:80 - create IPUIPlugin
2024-12-05 22:15:02,739 [INFO] PluginManager:220 - loadIPPluginJar : add fatfs
2024-12-05 22:15:02,842 [INFO] IPUIPlugin:80 - create IPUIPlugin
2024-12-05 22:15:02,843 [INFO] PluginManager:220 - loadIPPluginJar : add fmc
2024-12-05 22:15:02,881 [INFO] IPUIPlugin:80 - create IPUIPlugin
2024-12-05 22:15:02,881 [INFO] PluginManager:220 - loadIPPluginJar : add freertos
2024-12-05 22:15:02,959 [INFO] IPUIPlugin:80 - create IPUIPlugin
2024-12-05 22:15:02,960 [INFO] PluginManager:220 - loadIPPluginJar : add genericplugin
2024-12-05 22:15:03,150 [INFO] IPUIPlugin:80 - create IPUIPlugin
2024-12-05 22:15:03,150 [INFO] PluginManager:220 - loadIPPluginJar : add gfxmmu
2024-12-05 22:15:03,370 [INFO] IPUIPlugin:80 - create IPUIPlugin
2024-12-05 22:15:03,370 [INFO] PluginManager:220 - loadIPPluginJar : add gic
2024-12-05 22:15:03,388 [INFO] IPUIPlugin:80 - create IPUIPlugin
2024-12-05 22:15:03,388 [INFO] PluginManager:220 - loadIPPluginJar : add gpio
2024-12-05 22:15:03,553 [INFO] IPUIPlugin:80 - create IPUIPlugin
2024-12-05 22:15:03,553 [INFO] PluginManager:220 - loadIPPluginJar : add gtzc
2024-12-05 22:15:03,619 [INFO] IPUIPlugin:80 - create IPUIPlugin
2024-12-05 22:15:03,619 [INFO] PluginManager:220 - loadIPPluginJar : add hash
2024-12-05 22:15:03,751 [INFO] IPUIPlugin:80 - create IPUIPlugin
2024-12-05 22:15:03,751 [INFO] PluginManager:220 - loadIPPluginJar : add i2c
2024-12-05 22:15:03,815 [INFO] IPUIPlugin:80 - create IPUIPlugin
2024-12-05 22:15:03,815 [INFO] PluginManager:220 - loadIPPluginJar : add i2s
2024-12-05 22:15:03,926 [INFO] IPUIPlugin:80 - create IPUIPlugin
2024-12-05 22:15:03,926 [INFO] PluginManager:220 - loadIPPluginJar : add i3c
2024-12-05 22:15:04,133 [INFO] IPUIPlugin:80 - create IPUIPlugin
2024-12-05 22:15:04,133 [INFO] PluginManager:220 - loadIPPluginJar : add ipddr
2024-12-05 22:15:04,463 [INFO] IPUIPlugin:80 - create IPUIPlugin
2024-12-05 22:15:04,466 [INFO] PluginManager:220 - loadIPPluginJar : add linkedlist
2024-12-05 22:15:04,545 [INFO] IPUIPlugin:80 - create IPUIPlugin
2024-12-05 22:15:04,545 [INFO] PluginManager:220 - loadIPPluginJar : add lorawan
2024-12-05 22:15:04,631 [INFO] IPUIPlugin:80 - create IPUIPlugin
2024-12-05 22:15:04,631 [INFO] PluginManager:220 - loadIPPluginJar : add ltdc
2024-12-05 22:15:04,711 [INFO] IPUIPlugin:80 - create IPUIPlugin
2024-12-05 22:15:04,711 [INFO] PluginManager:220 - loadIPPluginJar : add mdma
2024-12-05 22:15:04,744 [INFO] IPUIPlugin:80 - create IPUIPlugin
2024-12-05 22:15:04,744 [INFO] PluginManager:220 - loadIPPluginJar : add nvic
2024-12-05 22:15:04,877 [INFO] IPUIPlugin:80 - create IPUIPlugin
2024-12-05 22:15:04,877 [INFO] PluginManager:220 - loadIPPluginJar : add opamp
2024-12-05 22:15:04,978 [INFO] IPUIPlugin:80 - create IPUIPlugin
2024-12-05 22:15:04,978 [INFO] PluginManager:220 - loadIPPluginJar : add openamp
2024-12-05 22:15:05,083 [INFO] IPUIPlugin:80 - create IPUIPlugin
2024-12-05 22:15:05,084 [INFO] PluginManager:220 - loadIPPluginJar : add pdm2pcm
2024-12-05 22:15:05,140 [INFO] IPUIPlugin:80 - create IPUIPlugin
2024-12-05 22:15:05,143 [INFO] PluginManager:220 - loadIPPluginJar : add plateformsettings
2024-12-05 22:15:05,162 [INFO] ThirdPartyUpdaterWithRetryManager:70 - Updater plugin not ready yet. [3/15]
2024-12-05 22:15:05,210 [INFO] IPUIPlugin:80 - create IPUIPlugin
2024-12-05 22:15:05,210 [INFO] PluginManager:220 - loadIPPluginJar : add quadspi
2024-12-05 22:15:05,254 [INFO] IPUIPlugin:80 - create IPUIPlugin
2024-12-05 22:15:05,255 [INFO] PluginManager:220 - loadIPPluginJar : add radio
2024-12-05 22:15:05,296 [INFO] IPUIPlugin:80 - create IPUIPlugin
2024-12-05 22:15:05,296 [INFO] PluginManager:220 - loadIPPluginJar : add resmgrutility
2024-12-05 22:15:05,535 [INFO] IPUIPlugin:80 - create IPUIPlugin
2024-12-05 22:15:05,536 [INFO] PluginManager:220 - loadIPPluginJar : add sai
2024-12-05 22:15:05,624 [INFO] IPUIPlugin:80 - create IPUIPlugin
2024-12-05 22:15:05,625 [INFO] PluginManager:220 - loadIPPluginJar : add spi
2024-12-05 22:15:05,776 [INFO] IPUIPlugin:80 - create IPUIPlugin
2024-12-05 22:15:05,776 [INFO] PluginManager:220 - loadIPPluginJar : add stm32_wpan
2024-12-05 22:15:05,834 [INFO] IPUIPlugin:80 - create IPUIPlugin
2024-12-05 22:15:05,835 [INFO] PluginManager:220 - loadIPPluginJar : add tim
2024-12-05 22:15:06,110 [INFO] IPUIPlugin:80 - create IPUIPlugin
2024-12-05 22:15:06,110 [INFO] PluginManager:220 - loadIPPluginJar : add touchsensing
2024-12-05 22:15:06,159 [INFO] IPUIPlugin:80 - create IPUIPlugin
2024-12-05 22:15:06,160 [INFO] PluginManager:220 - loadIPPluginJar : add tracer_emb
2024-12-05 22:15:06,264 [INFO] IPUIPlugin:80 - create IPUIPlugin
2024-12-05 22:15:06,264 [INFO] PluginManager:220 - loadIPPluginJar : add ts
2024-12-05 22:15:06,299 [INFO] IPUIPlugin:80 - create IPUIPlugin
2024-12-05 22:15:06,299 [INFO] PluginManager:220 - loadIPPluginJar : add tsc
2024-12-05 22:15:06,379 [INFO] IPUIPlugin:80 - create IPUIPlugin
2024-12-05 22:15:06,379 [INFO] PluginManager:220 - loadIPPluginJar : add ucpd
2024-12-05 22:15:06,454 [INFO] IPUIPlugin:80 - create IPUIPlugin
2024-12-05 22:15:06,454 [INFO] PluginManager:220 - loadIPPluginJar : add usart
2024-12-05 22:15:06,595 [INFO] IPUIPlugin:80 - create IPUIPlugin
2024-12-05 22:15:06,595 [INFO] PluginManager:220 - loadIPPluginJar : add usbx
2024-12-05 22:15:06,840 [INFO] CADModel:165 - CPN selected for project level
2024-12-05 22:15:06,840 [INFO] CADModel:114 - Register for checkConnection events
2024-12-05 22:15:06,841 [FATAL] Updater:334 - Updater called before beeing initialized
2024-12-05 22:15:06,841 [ERROR] CADModel:125 - Updater not yet initialized, retry later 
2024-12-05 22:15:08,163 [INFO] ThirdPartyUpdaterWithRetryManager:70 - Updater plugin not ready yet. [4/15]
2024-12-05 22:15:09,251 [INFO] CADModel:165 - CPN selected for project level
2024-12-05 22:15:09,251 [INFO] CADModel:114 - Register for checkConnection events
2024-12-05 22:15:09,251 [FATAL] Updater:334 - Updater called before beeing initialized
2024-12-05 22:15:09,251 [ERROR] CADModel:125 - Updater not yet initialized, retry later 
2024-12-05 22:15:09,257 [FATAL] Updater:334 - Updater called before beeing initialized
2024-12-05 22:15:09,600 [FATAL] Updater:334 - Updater called before beeing initialized
2024-12-05 22:15:09,649 [INFO] DbMcusAds:53 - JSON generation date=Thu May 16 06:22:00 ART 2024 (1715851320667)
2024-12-05 22:15:09,649 [FATAL] Updater:334 - Updater called before beeing initialized
2024-12-05 22:15:09,867 [WARN] DetailPanel:346 - Failed to get advertising image, set to default
2024-12-05 22:15:10,091 [FATAL] Updater:334 - Updater called before beeing initialized
2024-12-05 22:15:10,117 [FATAL] Updater:334 - Updater called before beeing initialized
2024-12-05 22:15:10,117 [FATAL] Updater:334 - Updater called before beeing initialized
2024-12-05 22:15:10,117 [WARN] DetailPanel:346 - Failed to get advertising image, set to default
2024-12-05 22:15:10,119 [FATAL] Updater:334 - Updater called before beeing initialized
2024-12-05 22:15:10,237 [ERROR] Updater:1164 - MainUpdater not yet initialized. External WinMGr cannot be set.
2024-12-05 22:15:10,272 [INFO] Updater:1100 - Updater Version found : 6.12.0
2024-12-05 22:15:10,292 [INFO] ApplicationProperties:184 - Using Application install path: C:\ST\STM32CubeIDE_1.16.0\STM32CubeIDE\plugins\com.st.stm32cube.common.mx_6.12.0.202406281431
2024-12-05 22:15:10,979 [INFO] MainUpdater:2873 - connection check result : 10
2024-12-05 22:15:10,980 [INFO] MainUpdater:290 - Updater Check For Update Now.
2024-12-05 22:15:10,980 [INFO] MicroXplorer:498 - Change Database Version : DB.6.0.120
2024-12-05 22:15:11,011 [INFO] McuFinderGlobals:63 - Set McuFinder mode to 2 (CubeIDE integrated)
2024-12-05 22:15:11,036 [INFO] UserAuth:417 - Internet connection configuration mode: 1
2024-12-05 22:15:11,165 [WARN] MainUpdater:1194 - Updater busy. Cannot search thirdparties
2024-12-05 22:15:11,166 [INFO] ThirdPartyUpdaterWithRetryManager:96 - Updater plugin is busy. [1/15]
2024-12-05 22:15:11,541 [INFO] JxBrowserEngine:152 - Initiate JxBrowser Engine with user profile folder
2024-12-05 22:15:11,917 [INFO] CheckServerUpdateThread:120 - End of CheckServer Thread
2024-12-05 22:15:15,054 [WARN] PackLoader:240 - Cannot read IP mode file for STMicroelectronics.FP-SNS-MOTENVWB1.1.4.0
2024-12-05 22:15:15,127 [WARN] PackLoader:240 - Cannot read IP mode file for STMicroelectronics.FP-ATR-ASTRA1.2.0.1
2024-12-05 22:15:15,165 [WARN] PackLoader:240 - Cannot read IP mode file for STMicroelectronics.X-CUBE-SMBUS.2.1.0
2024-12-05 22:15:15,213 [WARN] PackLoader:240 - Cannot read IP mode file for STMicroelectronics.X-CUBE-WB05N.1.1.0
2024-12-05 22:15:15,359 [WARN] PackLoader:240 - Cannot read IP mode file for STMicroelectronics.X-CUBE-AZRTOS-F7.1.1.0
2024-12-05 22:15:15,544 [WARN] PackLoader:240 - Cannot read IP mode file for STMicroelectronics.X-CUBE-MEMS1.11.0.0
2024-12-05 22:15:15,869 [WARN] PackLoader:240 - Cannot read IP mode file for STMicroelectronics.FP-SNS-FLIGHT1.5.0.2
2024-12-05 22:15:15,913 [WARN] PackLoader:240 - Cannot read IP mode file for STMicroelectronics.X-CUBE-DISPLAY.3.0.0
2024-12-05 22:15:15,961 [WARN] PackLoader:240 - Cannot read IP mode file for STMicroelectronics.X-CUBE-BLE1.7.0.0
2024-12-05 22:15:16,037 [WARN] PackLoader:240 - Cannot read IP mode file for STMicroelectronics.X-CUBE-NFC10.1.0.0
2024-12-05 22:15:16,082 [WARN] PackLoader:240 - Cannot read IP mode file for emotas.I-CUBE-CANOPEN.1.3.0
2024-12-05 22:15:16,147 [WARN] PackLoader:240 - Cannot read IP mode file for STMicroelectronics.X-CUBE-BLEMGR.3.1.0
2024-12-05 22:15:16,202 [WARN] PackLoader:240 - Cannot read IP mode file for STMicroelectronics.FP-SNS-SMARTAG2.1.2.0
2024-12-05 22:15:16,361 [INFO] LogOutputStream:77 - [STDOUT_REDIRECT] 1 : Invalid condition id : UX_CORESTACK_Condition cause : null
2024-12-05 22:15:16,362 [INFO] LogOutputStream:77 - [STDOUT_REDIRECT] 1 : Invalid condition id : UX_CORESTACK_Condition cause : null
2024-12-05 22:15:16,364 [INFO] LogOutputStream:77 - [STDOUT_REDIRECT] 1 : Invalid condition id : UX_CORESTACK_Condition cause : null
2024-12-05 22:15:16,367 [INFO] LogOutputStream:77 - [STDOUT_REDIRECT] 1 : Invalid condition id : UX_CORESTACK_Condition cause : null
2024-12-05 22:15:16,368 [INFO] LogOutputStream:77 - [STDOUT_REDIRECT] 1 : Invalid condition id : UX_CORESTACK_Condition cause : null
2024-12-05 22:15:16,375 [WARN] PackLoader:240 - Cannot read IP mode file for STMicroelectronics.X-CUBE-AZRTOS-WL.2.0.0
2024-12-05 22:15:16,416 [WARN] PackLoader:240 - Cannot read IP mode file for STMicroelectronics.FP-SNS-MOTENV1.5.0.0
2024-12-05 22:15:16,449 [WARN] PackLoader:240 - Cannot read IP mode file for wolfSSL.I-CUBE-wolfMQTT.1.19.0
2024-12-05 22:15:16,498 [WARN] PackLoader:240 - Cannot read IP mode file for WES.I-CUBE-Cesium.1.3.0
2024-12-05 22:15:16,543 [WARN] PackLoader:240 - Cannot read IP mode file for STMicroelectronics.X-CUBE-BLE2.3.3.0
2024-12-05 22:15:16,608 [WARN] PackLoader:240 - Cannot read IP mode file for STMicroelectronics.X-CUBE-NFC9.1.0.0
2024-12-05 22:15:16,686 [WARN] PackLoader:240 - Cannot read IP mode file for STMicroelectronics.X-CUBE-TCPP.4.1.0
2024-12-05 22:15:16,819 [WARN] PackLoader:240 - Cannot read IP mode file for STMicroelectronics.X-CUBE-AZRTOS-G0.1.1.0
2024-12-05 22:15:16,923 [WARN] PackLoader:240 - Cannot read IP mode file for STMicroelectronics.X-CUBE-SAFEA1.1.2.2
2024-12-05 22:15:16,986 [WARN] PackLoader:240 - Cannot read IP mode file for STMicroelectronics.X-CUBE-NFC4.3.0.0
2024-12-05 22:15:17,142 [WARN] PackLoader:240 - Cannot read IP mode file for EmbeddedOffice.I-CUBE-FS-RTOS.1.0.1
2024-12-05 22:15:17,143 [ERROR] ConditionMgr:805 - Attr not supported : Dmpu
2024-12-05 22:15:17,143 [ERROR] ConditionMgr:805 - Attr not supported : Dmpu
2024-12-05 22:15:17,143 [ERROR] ConditionMgr:805 - Attr not supported : Dmpu
2024-12-05 22:15:17,143 [ERROR] ConditionMgr:805 - Attr not supported : Dmpu
2024-12-05 22:15:17,143 [ERROR] ConditionMgr:805 - Attr not supported : Dmpu
2024-12-05 22:15:17,143 [ERROR] ConditionMgr:805 - Attr not supported : Dmpu
2024-12-05 22:15:17,143 [ERROR] ConditionMgr:805 - Attr not supported : Dmpu
2024-12-05 22:15:17,143 [ERROR] ConditionMgr:805 - Attr not supported : Dmpu
2024-12-05 22:15:17,143 [ERROR] ConditionMgr:805 - Attr not supported : Dmpu
2024-12-05 22:15:17,147 [ERROR] ConditionMgr:805 - Attr not supported : Dmpu
2024-12-05 22:15:17,147 [ERROR] ConditionMgr:805 - Attr not supported : Dmpu
2024-12-05 22:15:17,147 [ERROR] ConditionMgr:805 - Attr not supported : Dmpu
2024-12-05 22:15:17,148 [ERROR] ConditionMgr:805 - Attr not supported : Dmpu
2024-12-05 22:15:17,148 [ERROR] ConditionMgr:805 - Attr not supported : Dmpu
2024-12-05 22:15:17,148 [ERROR] ConditionMgr:805 - Attr not supported : Dmpu
2024-12-05 22:15:17,148 [ERROR] ConditionMgr:805 - Attr not supported : Dmpu
2024-12-05 22:15:17,159 [ERROR] ConditionMgr:805 - Attr not supported : Dmpu
2024-12-05 22:15:17,159 [ERROR] ConditionMgr:805 - Attr not supported : Dmpu
2024-12-05 22:15:17,160 [ERROR] ConditionMgr:805 - Attr not supported : Dmpu
2024-12-05 22:15:17,160 [ERROR] ConditionMgr:805 - Attr not supported : Dmpu
2024-12-05 22:15:17,160 [ERROR] ConditionMgr:805 - Attr not supported : Dmpu
2024-12-05 22:15:17,246 [ERROR] ConditionMgr:805 - Attr not supported : Dmpu
2024-12-05 22:15:17,247 [ERROR] ConditionMgr:805 - Attr not supported : Dmpu
2024-12-05 22:15:17,247 [ERROR] ConditionMgr:805 - Attr not supported : Dmpu
2024-12-05 22:15:17,247 [ERROR] ConditionMgr:805 - Attr not supported : Dmpu
2024-12-05 22:15:17,248 [ERROR] ConditionMgr:805 - Attr not supported : Dmpu
2024-12-05 22:15:17,253 [ERROR] ConditionMgr:805 - Attr not supported : Dmpu
2024-12-05 22:15:17,261 [ERROR] ConditionMgr:805 - Attr not supported : Dmpu
2024-12-05 22:15:17,261 [ERROR] ConditionMgr:805 - Attr not supported : Dmpu
2024-12-05 22:15:17,261 [ERROR] ConditionMgr:805 - Attr not supported : Dmpu
2024-12-05 22:15:17,261 [ERROR] ConditionMgr:805 - Attr not supported : Dmpu
2024-12-05 22:15:17,261 [ERROR] ConditionMgr:805 - Attr not supported : Dmpu
2024-12-05 22:15:17,261 [ERROR] ConditionMgr:805 - Attr not supported : Dmpu
2024-12-05 22:15:17,261 [ERROR] ConditionMgr:805 - Attr not supported : Dmpu
2024-12-05 22:15:17,262 [ERROR] ConditionMgr:805 - Attr not supported : Dmpu
2024-12-05 22:15:17,262 [ERROR] ConditionMgr:805 - Attr not supported : Dmpu
2024-12-05 22:15:17,262 [ERROR] ConditionMgr:805 - Attr not supported : Dmpu
2024-12-05 22:15:17,262 [ERROR] ConditionMgr:805 - Attr not supported : Dmpu
2024-12-05 22:15:17,262 [ERROR] ConditionMgr:805 - Attr not supported : Dmpu
2024-12-05 22:15:17,262 [ERROR] ConditionMgr:805 - Attr not supported : Dmpu
2024-12-05 22:15:17,262 [ERROR] ConditionMgr:805 - Attr not supported : Dmpu
2024-12-05 22:15:17,262 [ERROR] ConditionMgr:805 - Attr not supported : Dmpu
2024-12-05 22:15:17,262 [ERROR] ConditionMgr:805 - Attr not supported : Dmpu
2024-12-05 22:15:17,262 [ERROR] ConditionMgr:805 - Attr not supported : Dmpu
2024-12-05 22:15:17,262 [ERROR] ConditionMgr:805 - Attr not supported : Dmpu
2024-12-05 22:15:17,262 [ERROR] ConditionMgr:805 - Attr not supported : Dmpu
2024-12-05 22:15:17,263 [ERROR] ConditionMgr:805 - Attr not supported : Dmpu
2024-12-05 22:15:17,263 [ERROR] ConditionMgr:805 - Attr not supported : Dmpu
2024-12-05 22:15:17,263 [ERROR] ConditionMgr:805 - Attr not supported : Dmpu
2024-12-05 22:15:17,263 [ERROR] ConditionMgr:805 - Attr not supported : Dmpu
2024-12-05 22:15:17,263 [ERROR] ConditionMgr:805 - Attr not supported : Dmpu
2024-12-05 22:15:17,263 [ERROR] ConditionMgr:805 - Attr not supported : Dmpu
2024-12-05 22:15:17,263 [ERROR] ConditionMgr:805 - Attr not supported : Dmpu
2024-12-05 22:15:17,263 [ERROR] ConditionMgr:805 - Attr not supported : Dmpu
2024-12-05 22:15:17,263 [ERROR] ConditionMgr:805 - Attr not supported : Dmpu
2024-12-05 22:15:17,263 [ERROR] ConditionMgr:805 - Attr not supported : Dmpu
2024-12-05 22:15:17,263 [ERROR] ConditionMgr:805 - Attr not supported : Dmpu
2024-12-05 22:15:17,263 [ERROR] ConditionMgr:805 - Attr not supported : Dmpu
2024-12-05 22:15:17,263 [ERROR] ConditionMgr:805 - Attr not supported : Dmpu
2024-12-05 22:15:17,264 [ERROR] ConditionMgr:805 - Attr not supported : Dmpu
2024-12-05 22:15:17,264 [ERROR] ConditionMgr:805 - Attr not supported : Dmpu
2024-12-05 22:15:17,264 [ERROR] ConditionMgr:805 - Attr not supported : Dmpu
2024-12-05 22:15:17,264 [ERROR] ConditionMgr:805 - Attr not supported : Dmpu
2024-12-05 22:15:17,264 [ERROR] ConditionMgr:805 - Attr not supported : Dmpu
2024-12-05 22:15:17,497 [WARN] PackLoader:240 - Cannot read IP mode file for RealThread.X-CUBE-RT-Thread_Nano.4.1.1
2024-12-05 22:15:17,536 [WARN] PackLoader:240 - Cannot read IP mode file for STMicroelectronics.FP-ATR-SIGFOX1.3.2.0
2024-12-05 22:15:17,615 [WARN] PackLoader:240 - Cannot read IP mode file for wolfSSL.I-CUBE-wolfSSL.5.7.2
2024-12-05 22:15:17,751 [WARN] ConditionMgr:438 - getConditionDescription Invalid condition id : Cortex-A Device cause : null
2024-12-05 22:15:17,824 [WARN] ConditionMgr:1039 - genDependencies : Invalid condition id : Cortex-A Device cause : null
2024-12-05 22:15:17,824 [WARN] ConditionMgr:1039 - genDependencies : Invalid condition id : Cortex-A Device cause : null
2024-12-05 22:15:17,824 [WARN] ConditionMgr:1039 - genDependencies : Invalid condition id : Cortex-A Device cause : null
2024-12-05 22:15:17,934 [WARN] PackLoader:240 - Cannot read IP mode file for STMicroelectronics.X-CUBE-EEPRMA1.5.1.0
2024-12-05 22:15:17,982 [WARN] PackLoader:240 - Cannot read IP mode file for ITTIA_DB.I-CUBE-ITTIADB.8.9.0
2024-12-05 22:15:18,134 [WARN] PackLoader:240 - Cannot read IP mode file for SEGGER.I-CUBE-embOS.1.3.1
2024-12-05 22:15:18,249 [WARN] PackLoader:240 - Cannot read IP mode file for STMicroelectronics.X-CUBE-ALGOBUILD.1.4.0
2024-12-05 22:15:18,358 [WARN] PackLoader:240 - Cannot read IP mode file for STMicroelectronics.X-CUBE-AI.9.1.0
2024-12-05 22:15:18,425 [WARN] PackLoader:240 - Cannot read IP mode file for STMicroelectronics.X-CUBE-GNSS1.6.0.0
2024-12-05 22:15:18,572 [WARN] PackLoader:240 - Cannot read IP mode file for STMicroelectronics.X-CUBE-AZRTOS-F4.1.1.0
2024-12-05 22:15:18,626 [WARN] PackLoader:240 - Cannot read IP mode file for STMicroelectronics.X-CUBE-ISPU.2.1.0
2024-12-05 22:15:18,733 [WARN] PackLoader:240 - Cannot read IP mode file for STMicroelectronics.X-CUBE-FREERTOS.1.2.0
2024-12-05 22:15:19,272 [WARN] PackLoader:240 - Cannot read IP mode file for STMicroelectronics.X-CUBE-AZRTOS-L5.2.0.0
2024-12-05 22:15:19,481 [WARN] PackLoader:240 - Cannot read IP mode file for STMicroelectronics.X-CUBE-NFC6.3.1.0
2024-12-05 22:15:19,689 [WARN] PackLoader:240 - Cannot read IP mode file for STMicroelectronics.X-CUBE-DPower.1.2.0
2024-12-05 22:15:19,849 [WARN] PackLoader:240 - Cannot read IP mode file for STMicroelectronics.X-CUBE-AI.9.0.0
2024-12-05 22:15:19,891 [WARN] PackLoader:240 - Cannot read IP mode file for STMicroelectronics.X-CUBE-NFC7.1.0.1
2024-12-05 22:15:20,295 [WARN] ConditionMgr:438 - getConditionDescription Invalid condition id : LAN8742 Phy interface Condition cause : null
2024-12-05 22:15:20,295 [WARN] PackLoader:240 - Cannot read IP mode file for STMicroelectronics.X-CUBE-AZRTOS-L4.2.0.0
2024-12-05 22:15:20,298 [WARN] ConditionMgr:1039 - genDependencies : Invalid condition id : LAN8742 Phy interface Condition cause : null
2024-12-05 22:15:20,298 [WARN] ConditionMgr:1039 - genDependencies : Invalid condition id : LAN8742 Phy interface Condition cause : null
2024-12-05 22:15:20,299 [WARN] ConditionMgr:1039 - genDependencies : Invalid condition id : LAN8742 Phy interface Condition cause : null
2024-12-05 22:15:20,727 [WARN] PackLoader:240 - Cannot read IP mode file for STMicroelectronics.X-CUBE-SFXS2LP1.4.0.0
2024-12-05 22:15:21,040 [WARN] PackLoader:240 - Cannot read IP mode file for STMicroelectronics.X-CUBE-AZRTOS-H7.3.3.0
2024-12-05 22:15:21,128 [WARN] PackLoader:240 - Cannot read IP mode file for STMicroelectronics.X-CUBE-IPS.3.0.0
2024-12-05 22:15:21,232 [WARN] ConditionMgr:438 - getConditionDescription Invalid condition id : UX DEVICE CLASS RTOS Condition cause : null
2024-12-05 22:15:21,233 [WARN] ConditionMgr:438 - getConditionDescription Invalid condition id : UX DEVICE CLASS RTOS Condition cause : null
2024-12-05 22:15:21,234 [WARN] PackLoader:240 - Cannot read IP mode file for STMicroelectronics.X-CUBE-AZRTOS-WB.2.0.0
2024-12-05 22:15:21,235 [WARN] ConditionMgr:1039 - genDependencies : Invalid condition id : UX DEVICE CLASS RTOS Condition cause : null
2024-12-05 22:15:21,235 [WARN] ConditionMgr:1039 - genDependencies : Invalid condition id : UX DEVICE CLASS RTOS Condition cause : null
2024-12-05 22:15:21,235 [WARN] ConditionMgr:1039 - genDependencies : Invalid condition id : UX DEVICE CLASS RTOS Condition cause : null
2024-12-05 22:15:21,235 [WARN] ConditionMgr:1039 - genDependencies : Invalid condition id : UX DEVICE CLASS RTOS Condition cause : null
2024-12-05 22:15:21,236 [WARN] ConditionMgr:1039 - genDependencies : Invalid condition id : UX DEVICE CLASS RTOS Condition cause : null
2024-12-05 22:15:21,307 [WARN] PackLoader:240 - Cannot read IP mode file for STMicroelectronics.X-CUBE-GNSS1.7.0.0
2024-12-05 22:15:21,382 [WARN] PackLoader:240 - Cannot read IP mode file for STMicroelectronics.FP-SNS-STBOX1.2.0.0
2024-12-05 22:15:21,596 [WARN] PackLoader:240 - Cannot read IP mode file for STMicroelectronics.X-CUBE-SUBG2.5.0.0
2024-12-05 22:15:21,645 [WARN] PackLoader:240 - Cannot read IP mode file for Cesanta.I-CUBE-Mongoose.7.13.0
2024-12-05 22:15:21,728 [WARN] PackLoader:240 - Cannot read IP mode file for STMicroelectronics.X-CUBE-AZRTOS-G4.2.0.0
2024-12-05 22:15:21,982 [WARN] PackLoader:240 - Cannot read IP mode file for STMicroelectronics.X-CUBE-ISPU.2.0.0
2024-12-05 22:15:22,031 [WARN] PackLoader:240 - Cannot read IP mode file for STMicroelectronics.X-CUBE-ALS.1.0.2
2024-12-05 22:15:22,063 [WARN] PackLoader:240 - Cannot read IP mode file for STMicroelectronics.X-CUBE-TOUCHGFX.4.24.0
2024-12-05 22:15:22,090 [WARN] PackLoader:240 - Cannot read IP mode file for STMicroelectronics.X-CUBE-TOUCHGFX.4.24.1
2024-12-05 22:15:22,132 [WARN] PackLoader:240 - Cannot read IP mode file for wolfSSL.I-CUBE-wolfTPM.3.4.0
2024-12-05 22:15:22,175 [WARN] PackLoader:240 - Cannot read IP mode file for portGmbH.I-Cube-SoM-uGOAL.1.1.0
2024-12-05 22:15:22,277 [WARN] PackLoader:240 - Cannot read IP mode file for STMicroelectronics.X-CUBE-AZRTOS-H7RS.1.0.0
2024-12-05 22:15:22,488 [WARN] PackLoader:240 - Cannot read IP mode file for STMicroelectronics.FP-ATR-ASTRA1.2.0.0
2024-12-05 22:15:22,543 [WARN] PackLoader:240 - Cannot read IP mode file for STMicroelectronics.X-CUBE-TOF1.3.4.2
2024-12-05 22:15:22,616 [WARN] PackLoader:240 - Cannot read IP mode file for Infineon.AIROC-Wi-Fi-Bluetooth-STM32.1.6.1
2024-12-05 22:15:22,816 [WARN] PackLoader:240 - Cannot read IP mode file for wolfSSL.I-CUBE-wolfSSH.1.4.17
2024-12-05 22:15:22,817 [INFO] ThirdParty:978 - Integrity check success = true
2024-12-05 22:15:22,817 [INFO] IntegrityCheckThread:100 - exiting critical section [integrity check]
2024-12-05 22:15:22,833 [INFO] IntegrityCheckThread:103 - End integrity checks thread
2024-12-05 22:15:49,514 [INFO] WebApp:167 - Instantiating new browser for Auth
2024-12-05 22:16:07,757 [INFO] WebApp:448 - Apply proxy settings
2024-12-05 22:16:07,758 [INFO] WebApp:533 - Chromium requires no authentication
2024-12-05 22:16:08,252 [INFO] WebApp:476 - Direct internet connection detected
2024-12-05 22:16:08,956 [INFO] WebApp:869 - Register for checkConnection events
2024-12-05 22:16:08,957 [INFO] WebApp:448 - Apply proxy settings
2024-12-05 22:16:08,957 [INFO] WebApp:533 - Chromium requires no authentication
2024-12-05 22:16:08,959 [INFO] WebApp:476 - Direct internet connection detected
2024-12-05 22:16:11,014 [INFO] WebApp:186 - Connection restablished
2024-12-05 22:16:12,950 [INFO] WebApp:220 - Starting web application
2024-12-05 22:16:12,950 [INFO] WebApp:578 - Web application path used C:\ST\STM32CubeIDE_1.16.0\STM32CubeIDE\plugins\com.st.stm32cube.common.mx_6.12.0.202406281431\db\plugins\mcufinder\reactClient1\index.html
2024-12-05 22:16:13,970 [INFO] UserAuth:417 - Internet connection configuration mode: 1
2024-12-05 23:37:21,307 [ERROR] LogOutputStream:75 - [STDERR_REDIRECT] 
