2024-12-13 22:29:37,527 [INFO] Activator:176 - 


2024-12-13 22:29:37,576 [INFO] Activator:177 - !SESSION log4j initialized
2024-12-13 22:30:01,488 [INFO] LogOutputStream:77 - [STDOUT_REDIRECT] 
2024-12-13 22:30:23,344 [INFO] ApplicationProperties:184 - Using Application install path: C:\ST\STM32CubeIDE_1.16.0\STM32CubeIDE\plugins\com.st.stm32cube.common.mx_6.12.0.202406281431
2024-12-13 22:30:23,504 [INFO] DbMcusXml:78 - Set database path to: C:\ST\STM32CubeIDE_1.16.0\STM32CubeIDE\plugins\com.st.stm32cube.common.mx_6.12.0.202406281431\\db\/mcu/
2024-12-13 22:30:23,505 [INFO] ApiDb:274 - Set plugin database path to: C:\ST\STM32CubeIDE_1.16.0\STM32CubeIDE\plugins\com.st.stm32cube.common.mx_6.12.0.202406281431\\db\/plugins/boardmanager/
2024-12-13 22:30:23,506 [WARN] ApiDb:259 - Overriding images path with different value:  => C:\ST\STM32CubeIDE_1.16.0\STM32CubeIDE\plugins\com.st.stm32cube.common.mx_6.12.0.202406281431\\db\/plugins/mcufinder/images/
2024-12-13 22:30:23,664 [INFO] ApiDb:250 - Set database path to: C:\Users\MBRIS\.stmcufinder\plugins\mcufinder//mcu/
2024-12-13 22:30:23,667 [INFO] DbMcusAds:125 - Set database path to: C:\Users\MBRIS\.stmcufinder\plugins\mcufinder//mcu/
2024-12-13 22:30:23,920 [INFO] CrossReferenceDbSqlite:203 - Set database path to: C:\Users\MBRIS\.stmcufinder\plugins\mcufinder//mcu/cs/
2024-12-13 22:30:24,526 [INFO] RulesReader:64 - Compatibility file has been processed (297 Rules)
2024-12-13 22:30:25,093 [INFO] DbMcusXml:78 - Set database path to: C:\ST\STM32CubeIDE_1.16.0\STM32CubeIDE\plugins\com.st.stm32cube.common.mx_6.12.0.202406281431\\db\/mcu/
2024-12-13 22:30:25,093 [INFO] ApiDb:274 - Set plugin database path to: C:\ST\STM32CubeIDE_1.16.0\STM32CubeIDE\plugins\com.st.stm32cube.common.mx_6.12.0.202406281431\\db\/plugins/boardmanager/
2024-12-13 22:30:25,094 [INFO] ApiDb:261 - Set plugin images path to: C:\ST\STM32CubeIDE_1.16.0\STM32CubeIDE\plugins\com.st.stm32cube.common.mx_6.12.0.202406281431\\db\/plugins/mcufinder/images/
2024-12-13 22:30:25,094 [WARN] DbFile:41 - Overriding database path with different value: C:\Users\MBRIS\.stmcufinder\plugins\mcufinder/ => C:\Users\MBRIS\.stmcufinder\plugins\mcufinder
2024-12-13 22:30:25,094 [INFO] ApiDb:250 - Set database path to: C:\Users\MBRIS\.stmcufinder\plugins\mcufinder//mcu/
2024-12-13 22:30:25,095 [WARN] DbFile:41 - Overriding database path with different value: C:\Users\MBRIS\.stmcufinder\plugins\mcufinder/ => C:\Users\MBRIS\.stmcufinder\plugins\mcufinder
2024-12-13 22:30:25,095 [INFO] DbMcusAds:125 - Set database path to: C:\Users\MBRIS\.stmcufinder\plugins\mcufinder//mcu/
2024-12-13 22:30:25,095 [WARN] DbFile:41 - Overriding database path with different value: C:\Users\MBRIS\.stmcufinder\plugins\mcufinder/ => C:\Users\MBRIS\.stmcufinder\plugins\mcufinder
2024-12-13 22:30:25,095 [WARN] DbFile:41 - Overriding database path with different value: C:\Users\MBRIS\.stmcufinder\plugins\mcufinder/ => C:\Users\MBRIS\.stmcufinder\plugins\mcufinder
2024-12-13 22:30:25,095 [INFO] CrossReferenceDbSqlite:203 - Set database path to: C:\Users\MBRIS\.stmcufinder\plugins\mcufinder//mcu/cs/
2024-12-13 22:30:25,619 [INFO] MainPanel:268 - HeapMemory: 268435456
2024-12-13 22:30:26,341 [INFO] DbMcusXml:78 - Set database path to: C:\ST\STM32CubeIDE_1.16.0\STM32CubeIDE\plugins\com.st.stm32cube.common.mx_6.12.0.202406281431\\db\/mcu/
2024-12-13 22:30:26,341 [INFO] ApiDb:274 - Set plugin database path to: C:\ST\STM32CubeIDE_1.16.0\STM32CubeIDE\plugins\com.st.stm32cube.common.mx_6.12.0.202406281431\\db\/plugins/boardmanager/
2024-12-13 22:30:26,341 [INFO] ApiDb:261 - Set plugin images path to: C:\ST\STM32CubeIDE_1.16.0\STM32CubeIDE\plugins\com.st.stm32cube.common.mx_6.12.0.202406281431\\db\/plugins/mcufinder/images/
2024-12-13 22:30:26,342 [WARN] DbFile:41 - Overriding database path with different value: C:\Users\MBRIS\.stmcufinder\plugins\mcufinder/ => C:\Users\MBRIS\.stmcufinder\plugins\mcufinder
2024-12-13 22:30:26,342 [INFO] ApiDb:250 - Set database path to: C:\Users\MBRIS\.stmcufinder\plugins\mcufinder//mcu/
2024-12-13 22:30:26,342 [WARN] DbFile:41 - Overriding database path with different value: C:\Users\MBRIS\.stmcufinder\plugins\mcufinder/ => C:\Users\MBRIS\.stmcufinder\plugins\mcufinder
2024-12-13 22:30:26,342 [INFO] DbMcusAds:125 - Set database path to: C:\Users\MBRIS\.stmcufinder\plugins\mcufinder//mcu/
2024-12-13 22:30:26,343 [WARN] DbFile:41 - Overriding database path with different value: C:\Users\MBRIS\.stmcufinder\plugins\mcufinder/ => C:\Users\MBRIS\.stmcufinder\plugins\mcufinder
2024-12-13 22:30:26,343 [WARN] DbFile:41 - Overriding database path with different value: C:\Users\MBRIS\.stmcufinder\plugins\mcufinder/ => C:\Users\MBRIS\.stmcufinder\plugins\mcufinder
2024-12-13 22:30:26,343 [INFO] CrossReferenceDbSqlite:203 - Set database path to: C:\Users\MBRIS\.stmcufinder\plugins\mcufinder//mcu/cs/
2024-12-13 22:30:26,383 [INFO] ApplicationProperties:184 - Using Application install path: C:\ST\STM32CubeIDE_1.16.0\STM32CubeIDE\plugins\com.st.stm32cube.common.mx_6.12.0.202406281431
2024-12-13 22:30:26,387 [INFO] PluginManage:196 - Search for loadable plugins [exclusion list=, ]
2024-12-13 22:30:26,391 [INFO] PluginManage:310 - Check plugin analytics
2024-12-13 22:30:31,710 [INFO] AnalyticsPlugin:253 - Accepted Software Licenses: 
2024-12-13 22:30:31,711 [INFO] AnalyticsPlugin:255 - Accepted CMSIS Pack Licenses: 
2024-12-13 22:30:31,711 [INFO] AnalyticsPlugin:257 - Accepted Firmware Licenses: 
2024-12-13 22:30:31,715 [INFO] PluginManage:359 - Loaded plugin analytics (category:tool,tabindex:-1)
2024-12-13 22:30:31,716 [INFO] PluginManage:310 - Check plugin cadmodel
2024-12-13 22:30:31,956 [INFO] CADModel:105 - Init CAD model plugin
2024-12-13 22:30:31,956 [INFO] PluginManage:359 - Loaded plugin cadmodel (category:power,tabindex:5)
2024-12-13 22:30:31,957 [INFO] PluginManage:310 - Check plugin clock
2024-12-13 22:30:32,072 [INFO] PluginManage:359 - Loaded plugin clock (category:base,tabindex:2)
2024-12-13 22:30:32,072 [INFO] PluginManage:310 - Check plugin ddr
2024-12-13 22:30:32,117 [INFO] PluginManage:359 - Loaded plugin ddr (category:tool,tabindex:6)
2024-12-13 22:30:32,118 [INFO] PluginManage:310 - Check plugin filemanager
2024-12-13 22:30:33,219 [INFO] PluginManage:359 - Loaded plugin filemanager (category:base,tabindex:10)
2024-12-13 22:30:33,220 [INFO] PluginManage:310 - Check plugin ipmanager
2024-12-13 22:30:33,277 [INFO] PluginManage:359 - Loaded plugin ipmanager (category:base,tabindex:5)
2024-12-13 22:30:33,278 [INFO] PluginManage:310 - Check plugin lpbam
2024-12-13 22:30:33,381 [INFO] PluginManage:359 - Loaded plugin lpbam (category:base,tabindex:0)
2024-12-13 22:30:33,382 [INFO] PluginManage:310 - Check plugin memorymap
2024-12-13 22:30:33,460 [INFO] PluginManage:359 - Loaded plugin memorymap (category:base,tabindex:4)
2024-12-13 22:30:33,462 [INFO] PluginManage:310 - Check plugin pinoutandconfiguration
2024-12-13 22:30:33,555 [INFO] PluginManage:359 - Loaded plugin pinoutandconfiguration (category:base,tabindex:1)
2024-12-13 22:30:33,556 [INFO] PluginManage:310 - Check plugin pinoutconfig
2024-12-13 22:30:33,927 [WARN] SupportedApi:132 - Cannot load RTOS API schema: s4s-elt-must-match.1: The content of 'definitions' must match (annotation?, (simpleType | complexType)?, (unique | key | keyref)*)). A problem was found starting at: attribute.
2024-12-13 22:30:34,396 [INFO] PluginManage:359 - Loaded plugin pinoutconfig (category:base,tabindex:0)
2024-12-13 22:30:34,397 [INFO] PluginManage:310 - Check plugin power
2024-12-13 22:30:34,530 [INFO] PluginManage:359 - Loaded plugin power (category:power,tabindex:4)
2024-12-13 22:30:34,531 [INFO] PluginManage:310 - Check plugin projectmanager
2024-12-13 22:30:34,613 [INFO] PluginManage:359 - Loaded plugin projectmanager (category:projectmanager,tabindex:4)
2024-12-13 22:30:34,613 [INFO] PluginManage:310 - Check plugin rif
2024-12-13 22:30:34,685 [INFO] PluginManage:359 - Loaded plugin rif (category:base,tabindex:3)
2024-12-13 22:30:34,686 [INFO] PluginManage:310 - Check plugin thirdparty
2024-12-13 22:30:36,470 [INFO] PluginManage:359 - Loaded plugin thirdparty (category:base,tabindex:-1)
2024-12-13 22:30:36,471 [INFO] PluginManage:310 - Check plugin tools
2024-12-13 22:30:36,584 [WARN] IntegrityCheckThread:84 - waiting for thirdparty lock release [integrity check]
2024-12-13 22:30:36,586 [INFO] IntegrityCheckThread:86 - entering critical section [integrity check]
2024-12-13 22:30:36,586 [INFO] ThirdPartyUpdaterWithRetryManager:70 - Updater plugin not ready yet. [1/15]
2024-12-13 22:30:36,705 [INFO] PluginManage:359 - Loaded plugin tools (category:base,tabindex:7)
2024-12-13 22:30:36,705 [INFO] PluginManage:310 - Check plugin tutovideos
2024-12-13 22:30:37,610 [INFO] PluginManage:359 - Loaded plugin tutovideos (category:base,tabindex:-1)
2024-12-13 22:30:37,611 [INFO] PluginManage:310 - Check plugin updater
2024-12-13 22:30:37,747 [INFO] PluginManage:359 - Loaded plugin updater (category:base,tabindex:12)
2024-12-13 22:30:37,747 [INFO] PluginManage:310 - Check plugin userauth
2024-12-13 22:30:37,806 [INFO] UserAuth:113 - Init User Auth plugin
2024-12-13 22:30:37,806 [INFO] PluginManage:359 - Loaded plugin userauth (category:base,tabindex:14)
2024-12-13 22:30:37,808 [INFO] PluginManage:283 - PluginManage : Loaded plugins [18]
2024-12-13 22:30:39,012 [INFO] PinOutPanel:1561 - setPackage(No Configuration,No Configuration)
2024-12-13 22:30:39,650 [INFO] ThirdPartyUpdaterWithRetryManager:70 - Updater plugin not ready yet. [2/15]
2024-12-13 22:30:39,961 [INFO] CADModel:165 - CPN selected for project level
2024-12-13 22:30:39,961 [INFO] CADModel:114 - Register for checkConnection events
2024-12-13 22:30:40,152 [INFO] IPUIPlugin:80 - create IPUIPlugin
2024-12-13 22:30:40,153 [INFO] PluginManager:220 - loadIPPluginJar : add adc
2024-12-13 22:30:40,305 [INFO] IPUIPlugin:80 - create IPUIPlugin
2024-12-13 22:30:40,306 [INFO] PluginManager:220 - loadIPPluginJar : add aes
2024-12-13 22:30:40,418 [INFO] IPUIPlugin:80 - create IPUIPlugin
2024-12-13 22:30:40,418 [INFO] PluginManager:220 - loadIPPluginJar : add can
2024-12-13 22:30:40,484 [INFO] IPUIPlugin:80 - create IPUIPlugin
2024-12-13 22:30:40,485 [INFO] PluginManager:220 - loadIPPluginJar : add comp
2024-12-13 22:30:40,692 [INFO] IPUIPlugin:80 - create IPUIPlugin
2024-12-13 22:30:40,692 [INFO] PluginManager:220 - loadIPPluginJar : add cryp
2024-12-13 22:30:40,878 [INFO] IPUIPlugin:80 - create IPUIPlugin
2024-12-13 22:30:40,878 [INFO] PluginManager:220 - loadIPPluginJar : add ddr_ctrl_phy
2024-12-13 22:30:40,993 [INFO] IPUIPlugin:80 - create IPUIPlugin
2024-12-13 22:30:40,993 [INFO] PluginManager:220 - loadIPPluginJar : add dfsdm
2024-12-13 22:30:41,085 [INFO] IPUIPlugin:80 - create IPUIPlugin
2024-12-13 22:30:41,086 [INFO] PluginManager:220 - loadIPPluginJar : add dma
2024-12-13 22:30:41,265 [INFO] IPUIPlugin:80 - create IPUIPlugin
2024-12-13 22:30:41,266 [INFO] PluginManager:220 - loadIPPluginJar : add dma3
2024-12-13 22:30:41,522 [INFO] IPUIPlugin:80 - create IPUIPlugin
2024-12-13 22:30:41,522 [INFO] PluginManager:220 - loadIPPluginJar : add extmemmanager
2024-12-13 22:30:41,624 [INFO] IPUIPlugin:80 - create IPUIPlugin
2024-12-13 22:30:41,624 [INFO] PluginManager:220 - loadIPPluginJar : add fatfs
2024-12-13 22:30:41,775 [INFO] IPUIPlugin:80 - create IPUIPlugin
2024-12-13 22:30:41,776 [INFO] PluginManager:220 - loadIPPluginJar : add fmc
2024-12-13 22:30:41,819 [INFO] IPUIPlugin:80 - create IPUIPlugin
2024-12-13 22:30:41,820 [INFO] PluginManager:220 - loadIPPluginJar : add freertos
2024-12-13 22:30:41,884 [INFO] IPUIPlugin:80 - create IPUIPlugin
2024-12-13 22:30:41,884 [INFO] PluginManager:220 - loadIPPluginJar : add genericplugin
2024-12-13 22:30:42,477 [INFO] IPUIPlugin:80 - create IPUIPlugin
2024-12-13 22:30:42,478 [INFO] PluginManager:220 - loadIPPluginJar : add gfxmmu
2024-12-13 22:30:42,652 [INFO] ThirdPartyUpdaterWithRetryManager:70 - Updater plugin not ready yet. [3/15]
2024-12-13 22:30:43,038 [INFO] IPUIPlugin:80 - create IPUIPlugin
2024-12-13 22:30:43,038 [INFO] PluginManager:220 - loadIPPluginJar : add gic
2024-12-13 22:30:43,090 [INFO] IPUIPlugin:80 - create IPUIPlugin
2024-12-13 22:30:43,091 [INFO] PluginManager:220 - loadIPPluginJar : add gpio
2024-12-13 22:30:43,343 [INFO] IPUIPlugin:80 - create IPUIPlugin
2024-12-13 22:30:43,343 [INFO] PluginManager:220 - loadIPPluginJar : add gtzc
2024-12-13 22:30:43,497 [INFO] IPUIPlugin:80 - create IPUIPlugin
2024-12-13 22:30:43,500 [INFO] PluginManager:220 - loadIPPluginJar : add hash
2024-12-13 22:30:43,698 [INFO] IPUIPlugin:80 - create IPUIPlugin
2024-12-13 22:30:43,699 [INFO] PluginManager:220 - loadIPPluginJar : add i2c
2024-12-13 22:30:43,821 [INFO] IPUIPlugin:80 - create IPUIPlugin
2024-12-13 22:30:43,822 [INFO] PluginManager:220 - loadIPPluginJar : add i2s
2024-12-13 22:30:44,007 [INFO] IPUIPlugin:80 - create IPUIPlugin
2024-12-13 22:30:44,007 [INFO] PluginManager:220 - loadIPPluginJar : add i3c
2024-12-13 22:30:44,269 [INFO] IPUIPlugin:80 - create IPUIPlugin
2024-12-13 22:30:44,270 [INFO] PluginManager:220 - loadIPPluginJar : add ipddr
2024-12-13 22:30:44,499 [INFO] IPUIPlugin:80 - create IPUIPlugin
2024-12-13 22:30:44,499 [INFO] PluginManager:220 - loadIPPluginJar : add linkedlist
2024-12-13 22:30:44,627 [INFO] IPUIPlugin:80 - create IPUIPlugin
2024-12-13 22:30:44,629 [INFO] PluginManager:220 - loadIPPluginJar : add lorawan
2024-12-13 22:30:44,768 [INFO] IPUIPlugin:80 - create IPUIPlugin
2024-12-13 22:30:44,771 [INFO] PluginManager:220 - loadIPPluginJar : add ltdc
2024-12-13 22:30:44,878 [INFO] IPUIPlugin:80 - create IPUIPlugin
2024-12-13 22:30:44,878 [INFO] PluginManager:220 - loadIPPluginJar : add mdma
2024-12-13 22:30:44,948 [INFO] IPUIPlugin:80 - create IPUIPlugin
2024-12-13 22:30:44,948 [INFO] PluginManager:220 - loadIPPluginJar : add nvic
2024-12-13 22:30:45,060 [INFO] IPUIPlugin:80 - create IPUIPlugin
2024-12-13 22:30:45,060 [INFO] PluginManager:220 - loadIPPluginJar : add opamp
2024-12-13 22:30:45,255 [INFO] IPUIPlugin:80 - create IPUIPlugin
2024-12-13 22:30:45,255 [INFO] PluginManager:220 - loadIPPluginJar : add openamp
2024-12-13 22:30:45,370 [INFO] IPUIPlugin:80 - create IPUIPlugin
2024-12-13 22:30:45,370 [INFO] PluginManager:220 - loadIPPluginJar : add pdm2pcm
2024-12-13 22:30:45,417 [INFO] IPUIPlugin:80 - create IPUIPlugin
2024-12-13 22:30:45,421 [INFO] PluginManager:220 - loadIPPluginJar : add plateformsettings
2024-12-13 22:30:45,489 [INFO] IPUIPlugin:80 - create IPUIPlugin
2024-12-13 22:30:45,489 [INFO] PluginManager:220 - loadIPPluginJar : add quadspi
2024-12-13 22:30:45,626 [INFO] IPUIPlugin:80 - create IPUIPlugin
2024-12-13 22:30:45,627 [INFO] PluginManager:220 - loadIPPluginJar : add radio
2024-12-13 22:30:45,653 [INFO] ThirdPartyUpdaterWithRetryManager:70 - Updater plugin not ready yet. [4/15]
2024-12-13 22:30:45,683 [INFO] IPUIPlugin:80 - create IPUIPlugin
2024-12-13 22:30:45,683 [INFO] PluginManager:220 - loadIPPluginJar : add resmgrutility
2024-12-13 22:30:45,836 [INFO] IPUIPlugin:80 - create IPUIPlugin
2024-12-13 22:30:45,837 [INFO] PluginManager:220 - loadIPPluginJar : add sai
2024-12-13 22:30:45,958 [INFO] IPUIPlugin:80 - create IPUIPlugin
2024-12-13 22:30:45,958 [INFO] PluginManager:220 - loadIPPluginJar : add spi
2024-12-13 22:30:46,186 [INFO] IPUIPlugin:80 - create IPUIPlugin
2024-12-13 22:30:46,187 [INFO] PluginManager:220 - loadIPPluginJar : add stm32_wpan
2024-12-13 22:30:46,293 [INFO] IPUIPlugin:80 - create IPUIPlugin
2024-12-13 22:30:46,293 [INFO] PluginManager:220 - loadIPPluginJar : add tim
2024-12-13 22:30:46,480 [INFO] IPUIPlugin:80 - create IPUIPlugin
2024-12-13 22:30:46,496 [INFO] PluginManager:220 - loadIPPluginJar : add touchsensing
2024-12-13 22:30:46,615 [INFO] IPUIPlugin:80 - create IPUIPlugin
2024-12-13 22:30:46,615 [INFO] PluginManager:220 - loadIPPluginJar : add tracer_emb
2024-12-13 22:30:46,673 [INFO] IPUIPlugin:80 - create IPUIPlugin
2024-12-13 22:30:46,673 [INFO] PluginManager:220 - loadIPPluginJar : add ts
2024-12-13 22:30:46,766 [INFO] IPUIPlugin:80 - create IPUIPlugin
2024-12-13 22:30:46,766 [INFO] PluginManager:220 - loadIPPluginJar : add tsc
2024-12-13 22:30:46,836 [INFO] IPUIPlugin:80 - create IPUIPlugin
2024-12-13 22:30:46,836 [INFO] PluginManager:220 - loadIPPluginJar : add ucpd
2024-12-13 22:30:47,046 [INFO] IPUIPlugin:80 - create IPUIPlugin
2024-12-13 22:30:47,046 [INFO] PluginManager:220 - loadIPPluginJar : add usart
2024-12-13 22:30:47,202 [INFO] IPUIPlugin:80 - create IPUIPlugin
2024-12-13 22:30:47,203 [INFO] PluginManager:220 - loadIPPluginJar : add usbx
2024-12-13 22:30:47,523 [INFO] CADModel:165 - CPN selected for project level
2024-12-13 22:30:47,523 [INFO] CADModel:114 - Register for checkConnection events
2024-12-13 22:30:47,525 [FATAL] Updater:334 - Updater called before beeing initialized
2024-12-13 22:30:47,525 [ERROR] CADModel:125 - Updater not yet initialized, retry later 
2024-12-13 22:30:48,403 [INFO] CADModel:165 - CPN selected for project level
2024-12-13 22:30:48,403 [INFO] CADModel:114 - Register for checkConnection events
2024-12-13 22:30:48,403 [FATAL] Updater:334 - Updater called before beeing initialized
2024-12-13 22:30:48,403 [ERROR] CADModel:125 - Updater not yet initialized, retry later 
2024-12-13 22:30:48,418 [FATAL] Updater:334 - Updater called before beeing initialized
2024-12-13 22:30:48,653 [INFO] ThirdPartyUpdaterWithRetryManager:70 - Updater plugin not ready yet. [5/15]
2024-12-13 22:30:48,848 [FATAL] Updater:334 - Updater called before beeing initialized
2024-12-13 22:30:48,898 [INFO] DbMcusAds:53 - JSON generation date=Thu May 16 06:22:00 ART 2024 (1715851320667)
2024-12-13 22:30:48,899 [FATAL] Updater:334 - Updater called before beeing initialized
2024-12-13 22:30:49,147 [WARN] DetailPanel:346 - Failed to get advertising image, set to default
2024-12-13 22:30:49,405 [FATAL] Updater:334 - Updater called before beeing initialized
2024-12-13 22:30:49,409 [FATAL] Updater:334 - Updater called before beeing initialized
2024-12-13 22:30:49,409 [FATAL] Updater:334 - Updater called before beeing initialized
2024-12-13 22:30:49,410 [WARN] DetailPanel:346 - Failed to get advertising image, set to default
2024-12-13 22:30:49,411 [FATAL] Updater:334 - Updater called before beeing initialized
2024-12-13 22:30:49,684 [ERROR] Updater:1164 - MainUpdater not yet initialized. External WinMGr cannot be set.
2024-12-13 22:30:49,716 [INFO] Updater:1100 - Updater Version found : 6.12.0
2024-12-13 22:30:49,821 [INFO] ApplicationProperties:184 - Using Application install path: C:\ST\STM32CubeIDE_1.16.0\STM32CubeIDE\plugins\com.st.stm32cube.common.mx_6.12.0.202406281431
2024-12-13 22:30:51,200 [INFO] MainUpdater:2873 - connection check result : 10
2024-12-13 22:30:51,201 [INFO] MainUpdater:3567 - Updater definition file requires update
2024-12-13 22:30:51,203 [INFO] MainUpdater:290 - Updater Check For Update Now.
2024-12-13 22:30:51,203 [INFO] MicroXplorer:498 - Change Database Version : DB.6.0.120
2024-12-13 22:30:51,243 [INFO] McuFinderGlobals:63 - Set McuFinder mode to 2 (CubeIDE integrated)
2024-12-13 22:30:51,257 [INFO] UserAuth:417 - Internet connection configuration mode: 1
2024-12-13 22:30:51,427 [INFO] ServerAccessManage:473 - Download File updaters.zip
2024-12-13 22:30:51,538 [INFO] JxBrowserEngine:152 - Initiate JxBrowser Engine with user profile folder
2024-12-13 22:30:51,683 [INFO] FileExtend:240 - Unzip File : updaters.zip
2024-12-13 22:30:51,684 [INFO] FileExtend:255 - Standard Zip Deflate
2024-12-13 22:30:51,686 [WARN] MainUpdater:1194 - Updater busy. Cannot search thirdparties
2024-12-13 22:30:51,688 [INFO] ThirdPartyUpdaterWithRetryManager:96 - Updater plugin is busy. [1/15]
2024-12-13 22:30:53,429 [INFO] ServerAccessManage:473 - Download File PacksControlFlags.xml
2024-12-13 22:30:53,754 [INFO] ServerAccessManage:473 - Download File cubemx.pidx
2024-12-13 22:30:54,707 [WARN] MainUpdater:1194 - Updater busy. Cannot search thirdparties
2024-12-13 22:30:54,707 [INFO] ThirdPartyUpdaterWithRetryManager:96 - Updater plugin is busy. [2/15]
2024-12-13 22:30:57,723 [WARN] MainUpdater:1194 - Updater busy. Cannot search thirdparties
2024-12-13 22:30:57,723 [INFO] ThirdPartyUpdaterWithRetryManager:96 - Updater plugin is busy. [3/15]
2024-12-13 22:30:57,965 [INFO] ServerAccessManage:473 - Download File STMicroelectronics.X-CUBE-FREERTOS.pdsc
2024-12-13 22:31:00,749 [WARN] MainUpdater:1194 - Updater busy. Cannot search thirdparties
2024-12-13 22:31:00,749 [INFO] ThirdPartyUpdaterWithRetryManager:96 - Updater plugin is busy. [4/15]
2024-12-13 22:31:01,287 [INFO] ServerAccessManage:473 - Download File STMicroelectronics.X-CUBE-TCPP.pdsc
2024-12-13 22:31:03,752 [WARN] MainUpdater:1194 - Updater busy. Cannot search thirdparties
2024-12-13 22:31:03,752 [INFO] ThirdPartyUpdaterWithRetryManager:96 - Updater plugin is busy. [5/15]
2024-12-13 22:31:05,887 [WARN] PackLoader:240 - Cannot read IP mode file for STMicroelectronics.X-CUBE-FREERTOS.1.3.0
2024-12-13 22:31:05,902 [WARN] PopulateThirdPartyThread:106 - Error when creating pack: C:/Users/MBRIS/.stm32cubemx/thirdparties/pdsc/STMicroelectronics.X-CUBE-TCPP.pdsc
2024-12-13 22:31:05,902 [INFO] PopulateThirdPartyThread:66 - Ending populate Thread
2024-12-13 22:31:05,906 [INFO] ThirdParty:1030 - CMSIS Pack Vendor :STMicroelectronics X-CUBE-FREERTOS 1.3.0
2024-12-13 22:31:05,906 [INFO] LoadServerUpdatesThread:375 - End of LoadServerUpdate Thread
2024-12-13 22:31:06,607 [INFO] CheckServerUpdateThread:120 - End of CheckServer Thread
2024-12-13 22:31:07,456 [WARN] PackLoader:240 - Cannot read IP mode file for STMicroelectronics.FP-SNS-MOTENVWB1.1.4.0
2024-12-13 22:31:07,512 [WARN] PackLoader:240 - Cannot read IP mode file for STMicroelectronics.FP-ATR-ASTRA1.2.0.1
2024-12-13 22:31:07,549 [WARN] PackLoader:240 - Cannot read IP mode file for STMicroelectronics.X-CUBE-SMBUS.2.1.0
2024-12-13 22:31:07,600 [WARN] PackLoader:240 - Cannot read IP mode file for STMicroelectronics.X-CUBE-WB05N.1.1.0
2024-12-13 22:31:07,834 [WARN] PackLoader:240 - Cannot read IP mode file for STMicroelectronics.X-CUBE-AZRTOS-F7.1.1.0
2024-12-13 22:31:08,136 [WARN] PackLoader:240 - Cannot read IP mode file for STMicroelectronics.X-CUBE-MEMS1.11.0.0
2024-12-13 22:31:08,541 [WARN] PackLoader:240 - Cannot read IP mode file for STMicroelectronics.FP-SNS-FLIGHT1.5.0.2
2024-12-13 22:31:08,720 [WARN] PackLoader:240 - Cannot read IP mode file for STMicroelectronics.X-CUBE-DISPLAY.3.0.0
2024-12-13 22:31:08,776 [WARN] PackLoader:240 - Cannot read IP mode file for STMicroelectronics.X-CUBE-BLE1.7.0.0
2024-12-13 22:31:08,834 [WARN] PackLoader:240 - Cannot read IP mode file for STMicroelectronics.X-CUBE-NFC10.1.0.0
2024-12-13 22:31:08,931 [WARN] PackLoader:240 - Cannot read IP mode file for STMicroelectronics.X-CUBE-BLEMGR.4.0.0
2024-12-13 22:31:09,039 [WARN] PackLoader:240 - Cannot read IP mode file for emotas.I-CUBE-CANOPEN.1.3.0
2024-12-13 22:31:09,174 [WARN] PackLoader:240 - Cannot read IP mode file for STMicroelectronics.X-CUBE-BLEMGR.3.1.0
2024-12-13 22:31:09,231 [WARN] PackLoader:240 - Cannot read IP mode file for STMicroelectronics.FP-SNS-SMARTAG2.1.2.0
2024-12-13 22:31:09,392 [INFO] LogOutputStream:77 - [STDOUT_REDIRECT] 1 : Invalid condition id : UX_CORESTACK_Condition cause : null
2024-12-13 22:31:09,410 [INFO] LogOutputStream:77 - [STDOUT_REDIRECT] 1 : Invalid condition id : UX_CORESTACK_Condition cause : null
2024-12-13 22:31:09,412 [INFO] LogOutputStream:77 - [STDOUT_REDIRECT] 1 : Invalid condition id : UX_CORESTACK_Condition cause : null
2024-12-13 22:31:09,416 [INFO] LogOutputStream:77 - [STDOUT_REDIRECT] 1 : Invalid condition id : UX_CORESTACK_Condition cause : null
2024-12-13 22:31:09,418 [INFO] LogOutputStream:77 - [STDOUT_REDIRECT] 1 : Invalid condition id : UX_CORESTACK_Condition cause : null
2024-12-13 22:31:09,421 [WARN] PackLoader:240 - Cannot read IP mode file for STMicroelectronics.X-CUBE-AZRTOS-WL.2.0.0
2024-12-13 22:31:09,473 [WARN] PackLoader:240 - Cannot read IP mode file for STMicroelectronics.FP-SNS-MOTENV1.5.0.0
2024-12-13 22:31:09,493 [WARN] PackLoader:240 - Cannot read IP mode file for wolfSSL.I-CUBE-wolfMQTT.1.19.0
2024-12-13 22:31:09,592 [WARN] PackLoader:240 - Cannot read IP mode file for WES.I-CUBE-Cesium.1.3.0
2024-12-13 22:31:09,640 [WARN] PackLoader:240 - Cannot read IP mode file for STMicroelectronics.X-CUBE-BLE2.3.3.0
2024-12-13 22:31:09,695 [WARN] PackLoader:240 - Cannot read IP mode file for STMicroelectronics.X-CUBE-NFC9.1.0.0
2024-12-13 22:31:09,742 [WARN] PackLoader:240 - Cannot read IP mode file for STMicroelectronics.X-CUBE-TCPP.4.1.0
2024-12-13 22:31:09,846 [WARN] PackLoader:240 - Cannot read IP mode file for STMicroelectronics.X-CUBE-AZRTOS-G0.1.1.0
2024-12-13 22:31:09,899 [WARN] PackLoader:240 - Cannot read IP mode file for STMicroelectronics.X-CUBE-SAFEA1.1.2.2
2024-12-13 22:31:09,936 [WARN] PackLoader:240 - Cannot read IP mode file for STMicroelectronics.X-CUBE-NFC4.3.0.0
2024-12-13 22:31:09,974 [WARN] PackLoader:240 - Cannot read IP mode file for EmbeddedOffice.I-CUBE-FS-RTOS.1.0.1
2024-12-13 22:31:09,974 [ERROR] ConditionMgr:805 - Attr not supported : Dmpu
2024-12-13 22:31:09,975 [ERROR] ConditionMgr:805 - Attr not supported : Dmpu
2024-12-13 22:31:09,975 [ERROR] ConditionMgr:805 - Attr not supported : Dmpu
2024-12-13 22:31:09,975 [ERROR] ConditionMgr:805 - Attr not supported : Dmpu
2024-12-13 22:31:09,975 [ERROR] ConditionMgr:805 - Attr not supported : Dmpu
2024-12-13 22:31:09,975 [ERROR] ConditionMgr:805 - Attr not supported : Dmpu
2024-12-13 22:31:09,975 [ERROR] ConditionMgr:805 - Attr not supported : Dmpu
2024-12-13 22:31:09,975 [ERROR] ConditionMgr:805 - Attr not supported : Dmpu
2024-12-13 22:31:09,975 [ERROR] ConditionMgr:805 - Attr not supported : Dmpu
2024-12-13 22:31:09,975 [ERROR] ConditionMgr:805 - Attr not supported : Dmpu
2024-12-13 22:31:09,975 [ERROR] ConditionMgr:805 - Attr not supported : Dmpu
2024-12-13 22:31:09,975 [ERROR] ConditionMgr:805 - Attr not supported : Dmpu
2024-12-13 22:31:09,975 [ERROR] ConditionMgr:805 - Attr not supported : Dmpu
2024-12-13 22:31:09,979 [ERROR] ConditionMgr:805 - Attr not supported : Dmpu
2024-12-13 22:31:09,979 [ERROR] ConditionMgr:805 - Attr not supported : Dmpu
2024-12-13 22:31:09,980 [ERROR] ConditionMgr:805 - Attr not supported : Dmpu
2024-12-13 22:31:09,980 [ERROR] ConditionMgr:805 - Attr not supported : Dmpu
2024-12-13 22:31:09,980 [ERROR] ConditionMgr:805 - Attr not supported : Dmpu
2024-12-13 22:31:09,980 [ERROR] ConditionMgr:805 - Attr not supported : Dmpu
2024-12-13 22:31:09,980 [ERROR] ConditionMgr:805 - Attr not supported : Dmpu
2024-12-13 22:31:09,980 [ERROR] ConditionMgr:805 - Attr not supported : Dmpu
2024-12-13 22:31:09,980 [ERROR] ConditionMgr:805 - Attr not supported : Dmpu
2024-12-13 22:31:09,980 [ERROR] ConditionMgr:805 - Attr not supported : Dmpu
2024-12-13 22:31:09,980 [ERROR] ConditionMgr:805 - Attr not supported : Dmpu
2024-12-13 22:31:09,980 [ERROR] ConditionMgr:805 - Attr not supported : Dmpu
2024-12-13 22:31:09,980 [ERROR] ConditionMgr:805 - Attr not supported : Dmpu
2024-12-13 22:31:09,980 [ERROR] ConditionMgr:805 - Attr not supported : Dmpu
2024-12-13 22:31:09,980 [ERROR] ConditionMgr:805 - Attr not supported : Dmpu
2024-12-13 22:31:09,981 [ERROR] ConditionMgr:805 - Attr not supported : Dmpu
2024-12-13 22:31:09,981 [ERROR] ConditionMgr:805 - Attr not supported : Dmpu
2024-12-13 22:31:09,981 [ERROR] ConditionMgr:805 - Attr not supported : Dmpu
2024-12-13 22:31:09,981 [ERROR] ConditionMgr:805 - Attr not supported : Dmpu
2024-12-13 22:31:09,981 [ERROR] ConditionMgr:805 - Attr not supported : Dmpu
2024-12-13 22:31:09,981 [ERROR] ConditionMgr:805 - Attr not supported : Dmpu
2024-12-13 22:31:09,981 [ERROR] ConditionMgr:805 - Attr not supported : Dmpu
2024-12-13 22:31:09,981 [ERROR] ConditionMgr:805 - Attr not supported : Dmpu
2024-12-13 22:31:09,981 [ERROR] ConditionMgr:805 - Attr not supported : Dmpu
2024-12-13 22:31:09,981 [ERROR] ConditionMgr:805 - Attr not supported : Dmpu
2024-12-13 22:31:09,981 [ERROR] ConditionMgr:805 - Attr not supported : Dmpu
2024-12-13 22:31:09,981 [ERROR] ConditionMgr:805 - Attr not supported : Dmpu
2024-12-13 22:31:09,981 [ERROR] ConditionMgr:805 - Attr not supported : Dmpu
2024-12-13 22:31:09,982 [ERROR] ConditionMgr:805 - Attr not supported : Dmpu
2024-12-13 22:31:09,982 [ERROR] ConditionMgr:805 - Attr not supported : Dmpu
2024-12-13 22:31:09,982 [ERROR] ConditionMgr:805 - Attr not supported : Dmpu
2024-12-13 22:31:09,983 [ERROR] ConditionMgr:805 - Attr not supported : Dmpu
2024-12-13 22:31:09,983 [ERROR] ConditionMgr:805 - Attr not supported : Dmpu
2024-12-13 22:31:09,983 [ERROR] ConditionMgr:805 - Attr not supported : Dmpu
2024-12-13 22:31:09,983 [ERROR] ConditionMgr:805 - Attr not supported : Dmpu
2024-12-13 22:31:09,983 [ERROR] ConditionMgr:805 - Attr not supported : Dmpu
2024-12-13 22:31:09,983 [ERROR] ConditionMgr:805 - Attr not supported : Dmpu
2024-12-13 22:31:09,983 [ERROR] ConditionMgr:805 - Attr not supported : Dmpu
2024-12-13 22:31:09,983 [ERROR] ConditionMgr:805 - Attr not supported : Dmpu
2024-12-13 22:31:09,983 [ERROR] ConditionMgr:805 - Attr not supported : Dmpu
2024-12-13 22:31:09,983 [ERROR] ConditionMgr:805 - Attr not supported : Dmpu
2024-12-13 22:31:09,984 [ERROR] ConditionMgr:805 - Attr not supported : Dmpu
2024-12-13 22:31:09,984 [ERROR] ConditionMgr:805 - Attr not supported : Dmpu
2024-12-13 22:31:09,984 [ERROR] ConditionMgr:805 - Attr not supported : Dmpu
2024-12-13 22:31:09,984 [ERROR] ConditionMgr:805 - Attr not supported : Dmpu
2024-12-13 22:31:09,984 [ERROR] ConditionMgr:805 - Attr not supported : Dmpu
2024-12-13 22:31:09,984 [ERROR] ConditionMgr:805 - Attr not supported : Dmpu
2024-12-13 22:31:09,984 [ERROR] ConditionMgr:805 - Attr not supported : Dmpu
2024-12-13 22:31:09,984 [ERROR] ConditionMgr:805 - Attr not supported : Dmpu
2024-12-13 22:31:09,984 [ERROR] ConditionMgr:805 - Attr not supported : Dmpu
2024-12-13 22:31:09,984 [ERROR] ConditionMgr:805 - Attr not supported : Dmpu
2024-12-13 22:31:10,008 [ERROR] Engine:466 - C:\Users\MBRIS\.stm32cubemx\thirdparties\pdsc\STMicroelectronics.X-CUBE-TCPP.4.2.0.pdsc: PDSC version is not supported
2024-12-13 22:31:10,049 [WARN] PackLoader:240 - Cannot read IP mode file for RealThread.X-CUBE-RT-Thread_Nano.4.1.1
2024-12-13 22:31:10,080 [WARN] PackLoader:240 - Cannot read IP mode file for STMicroelectronics.FP-ATR-SIGFOX1.3.2.0
2024-12-13 22:31:10,174 [WARN] PackLoader:240 - Cannot read IP mode file for wolfSSL.I-CUBE-wolfSSL.5.7.2
2024-12-13 22:31:10,200 [WARN] ConditionMgr:438 - getConditionDescription Invalid condition id : Cortex-A Device cause : null
2024-12-13 22:31:10,258 [WARN] ConditionMgr:1039 - genDependencies : Invalid condition id : Cortex-A Device cause : null
2024-12-13 22:31:10,258 [WARN] ConditionMgr:1039 - genDependencies : Invalid condition id : Cortex-A Device cause : null
2024-12-13 22:31:10,258 [WARN] ConditionMgr:1039 - genDependencies : Invalid condition id : Cortex-A Device cause : null
2024-12-13 22:31:10,299 [WARN] PackLoader:240 - Cannot read IP mode file for STMicroelectronics.X-CUBE-EEPRMA1.5.1.0
2024-12-13 22:31:10,342 [WARN] PackLoader:240 - Cannot read IP mode file for ITTIA_DB.I-CUBE-ITTIADB.8.9.0
2024-12-13 22:31:10,437 [WARN] PackLoader:240 - Cannot read IP mode file for SEGGER.I-CUBE-embOS.1.3.1
2024-12-13 22:31:10,588 [WARN] PackLoader:240 - Cannot read IP mode file for STMicroelectronics.X-CUBE-ALGOBUILD.1.4.0
2024-12-13 22:31:10,647 [WARN] PackLoader:240 - Cannot read IP mode file for STMicroelectronics.X-CUBE-AI.9.1.0
2024-12-13 22:31:10,709 [WARN] PackLoader:240 - Cannot read IP mode file for STMicroelectronics.X-CUBE-GNSS1.6.0.0
2024-12-13 22:31:10,838 [WARN] PackLoader:240 - Cannot read IP mode file for STMicroelectronics.X-CUBE-AZRTOS-F4.1.1.0
2024-12-13 22:31:10,902 [WARN] PackLoader:240 - Cannot read IP mode file for STMicroelectronics.X-CUBE-ISPU.2.1.0
2024-12-13 22:31:10,977 [WARN] PackLoader:240 - Cannot read IP mode file for STMicroelectronics.X-CUBE-FREERTOS.1.2.0
2024-12-13 22:31:11,113 [WARN] PackLoader:240 - Cannot read IP mode file for STMicroelectronics.X-CUBE-AZRTOS-L5.2.0.0
2024-12-13 22:31:11,191 [WARN] PackLoader:240 - Cannot read IP mode file for STMicroelectronics.X-CUBE-NFC6.3.1.0
2024-12-13 22:31:11,285 [WARN] PackLoader:240 - Cannot read IP mode file for STMicroelectronics.X-CUBE-DPower.1.2.0
2024-12-13 22:31:11,333 [WARN] PackLoader:240 - Cannot read IP mode file for STMicroelectronics.X-CUBE-AI.9.0.0
2024-12-13 22:31:11,390 [WARN] PackLoader:240 - Cannot read IP mode file for STMicroelectronics.X-CUBE-FREERTOS.1.3.0
2024-12-13 22:31:11,475 [WARN] PackLoader:240 - Cannot read IP mode file for STMicroelectronics.X-CUBE-NFC7.1.0.1
2024-12-13 22:31:11,603 [WARN] ConditionMgr:438 - getConditionDescription Invalid condition id : LAN8742 Phy interface Condition cause : null
2024-12-13 22:31:11,604 [WARN] PackLoader:240 - Cannot read IP mode file for STMicroelectronics.X-CUBE-AZRTOS-L4.2.0.0
2024-12-13 22:31:11,605 [WARN] ConditionMgr:1039 - genDependencies : Invalid condition id : LAN8742 Phy interface Condition cause : null
2024-12-13 22:31:11,605 [WARN] ConditionMgr:1039 - genDependencies : Invalid condition id : LAN8742 Phy interface Condition cause : null
2024-12-13 22:31:11,605 [WARN] ConditionMgr:1039 - genDependencies : Invalid condition id : LAN8742 Phy interface Condition cause : null
2024-12-13 22:31:11,673 [WARN] PackLoader:240 - Cannot read IP mode file for STMicroelectronics.X-CUBE-SFXS2LP1.4.0.0
2024-12-13 22:31:11,810 [WARN] PackLoader:240 - Cannot read IP mode file for STMicroelectronics.X-CUBE-AZRTOS-H7.3.3.0
2024-12-13 22:31:11,863 [WARN] PackLoader:240 - Cannot read IP mode file for STMicroelectronics.X-CUBE-IPS.3.0.0
2024-12-13 22:31:11,955 [WARN] ConditionMgr:438 - getConditionDescription Invalid condition id : UX DEVICE CLASS RTOS Condition cause : null
2024-12-13 22:31:11,955 [WARN] ConditionMgr:438 - getConditionDescription Invalid condition id : UX DEVICE CLASS RTOS Condition cause : null
2024-12-13 22:31:11,958 [WARN] PackLoader:240 - Cannot read IP mode file for STMicroelectronics.X-CUBE-AZRTOS-WB.2.0.0
2024-12-13 22:31:11,958 [WARN] ConditionMgr:1039 - genDependencies : Invalid condition id : UX DEVICE CLASS RTOS Condition cause : null
2024-12-13 22:31:11,959 [WARN] ConditionMgr:1039 - genDependencies : Invalid condition id : UX DEVICE CLASS RTOS Condition cause : null
2024-12-13 22:31:11,959 [WARN] ConditionMgr:1039 - genDependencies : Invalid condition id : UX DEVICE CLASS RTOS Condition cause : null
2024-12-13 22:31:11,959 [WARN] ConditionMgr:1039 - genDependencies : Invalid condition id : UX DEVICE CLASS RTOS Condition cause : null
2024-12-13 22:31:11,960 [WARN] ConditionMgr:1039 - genDependencies : Invalid condition id : UX DEVICE CLASS RTOS Condition cause : null
2024-12-13 22:31:12,008 [WARN] PackLoader:240 - Cannot read IP mode file for STMicroelectronics.X-CUBE-GNSS1.7.0.0
2024-12-13 22:31:12,068 [WARN] PackLoader:240 - Cannot read IP mode file for STMicroelectronics.FP-SNS-STBOX1.2.0.0
2024-12-13 22:31:12,118 [WARN] PackLoader:240 - Cannot read IP mode file for STMicroelectronics.X-CUBE-SUBG2.5.0.0
2024-12-13 22:31:12,147 [WARN] PackLoader:240 - Cannot read IP mode file for Cesanta.I-CUBE-Mongoose.7.13.0
2024-12-13 22:31:12,325 [WARN] PackLoader:240 - Cannot read IP mode file for STMicroelectronics.X-CUBE-AZRTOS-G4.2.0.0
2024-12-13 22:31:12,365 [WARN] PackLoader:240 - Cannot read IP mode file for STMicroelectronics.X-CUBE-ISPU.2.0.0
2024-12-13 22:31:12,450 [WARN] PackLoader:240 - Cannot read IP mode file for STMicroelectronics.X-CUBE-ALS.1.0.2
2024-12-13 22:31:12,502 [WARN] PackLoader:240 - Cannot read IP mode file for STMicroelectronics.X-CUBE-TOUCHGFX.4.24.0
2024-12-13 22:31:12,566 [WARN] PackLoader:240 - Cannot read IP mode file for STMicroelectronics.X-CUBE-TOUCHGFX.4.24.1
2024-12-13 22:31:12,608 [WARN] PackLoader:240 - Cannot read IP mode file for wolfSSL.I-CUBE-wolfTPM.3.4.0
2024-12-13 22:31:12,678 [WARN] PackLoader:240 - Cannot read IP mode file for portGmbH.I-Cube-SoM-uGOAL.1.1.0
2024-12-13 22:31:12,840 [WARN] PackLoader:240 - Cannot read IP mode file for STMicroelectronics.X-CUBE-AZRTOS-H7RS.1.0.0
2024-12-13 22:31:12,878 [WARN] PackLoader:240 - Cannot read IP mode file for STMicroelectronics.FP-ATR-ASTRA1.2.0.0
2024-12-13 22:31:12,986 [WARN] PackLoader:240 - Cannot read IP mode file for STMicroelectronics.X-CUBE-TOF1.3.4.2
2024-12-13 22:31:13,118 [WARN] PackLoader:240 - Cannot read IP mode file for Infineon.AIROC-Wi-Fi-Bluetooth-STM32.1.6.1
2024-12-13 22:31:13,217 [WARN] PackLoader:240 - Cannot read IP mode file for wolfSSL.I-CUBE-wolfSSH.1.4.17
2024-12-13 22:31:13,218 [INFO] ThirdParty:978 - Integrity check success = true
2024-12-13 22:31:13,219 [INFO] IntegrityCheckThread:100 - exiting critical section [integrity check]
2024-12-13 22:31:13,219 [INFO] IntegrityCheckThread:103 - End integrity checks thread
2024-12-13 22:31:33,051 [INFO] WebApp:167 - Instantiating new browser for Auth
2024-12-13 22:31:42,763 [INFO] WebApp:448 - Apply proxy settings
2024-12-13 22:31:42,764 [INFO] WebApp:533 - Chromium requires no authentication
2024-12-13 22:31:42,784 [INFO] WebApp:476 - Direct internet connection detected
2024-12-13 22:31:42,921 [INFO] WebApp:869 - Register for checkConnection events
2024-12-13 22:31:42,922 [INFO] WebApp:448 - Apply proxy settings
2024-12-13 22:31:42,922 [INFO] WebApp:533 - Chromium requires no authentication
2024-12-13 22:31:42,923 [INFO] WebApp:476 - Direct internet connection detected
2024-12-13 22:31:45,516 [INFO] WebApp:186 - Connection restablished
2024-12-13 22:31:46,698 [INFO] WebApp:220 - Starting web application
2024-12-13 22:31:46,718 [INFO] WebApp:578 - Web application path used C:\ST\STM32CubeIDE_1.16.0\STM32CubeIDE\plugins\com.st.stm32cube.common.mx_6.12.0.202406281431\db\plugins\mcufinder\reactClient1\index.html
2024-12-13 22:31:49,377 [INFO] UserAuth:417 - Internet connection configuration mode: 1
