2024-12-06 23:12:04,519 [INFO] Activator:176 - 


2024-12-06 23:12:04,551 [INFO] Activator:177 - !SESSION log4j initialized
2024-12-06 23:12:20,586 [INFO] LogOutputStream:77 - [STDOUT_REDIRECT] 
2024-12-06 23:12:33,448 [INFO] ApplicationProperties:184 - Using Application install path: C:\ST\STM32CubeIDE_1.16.0\STM32CubeIDE\plugins\com.st.stm32cube.common.mx_6.12.0.202406281431
2024-12-06 23:12:33,542 [INFO] DbMcusXml:78 - Set database path to: C:\ST\STM32CubeIDE_1.16.0\STM32CubeIDE\plugins\com.st.stm32cube.common.mx_6.12.0.202406281431\\db\/mcu/
2024-12-06 23:12:33,543 [INFO] ApiDb:274 - Set plugin database path to: C:\ST\STM32CubeIDE_1.16.0\STM32CubeIDE\plugins\com.st.stm32cube.common.mx_6.12.0.202406281431\\db\/plugins/boardmanager/
2024-12-06 23:12:33,543 [WARN] ApiDb:259 - Overriding images path with different value:  => C:\ST\STM32CubeIDE_1.16.0\STM32CubeIDE\plugins\com.st.stm32cube.common.mx_6.12.0.202406281431\\db\/plugins/mcufinder/images/
2024-12-06 23:12:33,696 [INFO] ApiDb:250 - Set database path to: C:\Users\MBRIS\.stmcufinder\plugins\mcufinder//mcu/
2024-12-06 23:12:33,699 [INFO] DbMcusAds:125 - Set database path to: C:\Users\MBRIS\.stmcufinder\plugins\mcufinder//mcu/
2024-12-06 23:12:33,724 [INFO] CrossReferenceDbSqlite:203 - Set database path to: C:\Users\MBRIS\.stmcufinder\plugins\mcufinder//mcu/cs/
2024-12-06 23:12:33,952 [INFO] RulesReader:64 - Compatibility file has been processed (297 Rules)
2024-12-06 23:12:34,187 [INFO] DbMcusXml:78 - Set database path to: C:\ST\STM32CubeIDE_1.16.0\STM32CubeIDE\plugins\com.st.stm32cube.common.mx_6.12.0.202406281431\\db\/mcu/
2024-12-06 23:12:34,187 [INFO] ApiDb:274 - Set plugin database path to: C:\ST\STM32CubeIDE_1.16.0\STM32CubeIDE\plugins\com.st.stm32cube.common.mx_6.12.0.202406281431\\db\/plugins/boardmanager/
2024-12-06 23:12:34,187 [INFO] ApiDb:261 - Set plugin images path to: C:\ST\STM32CubeIDE_1.16.0\STM32CubeIDE\plugins\com.st.stm32cube.common.mx_6.12.0.202406281431\\db\/plugins/mcufinder/images/
2024-12-06 23:12:34,187 [WARN] DbFile:41 - Overriding database path with different value: C:\Users\MBRIS\.stmcufinder\plugins\mcufinder/ => C:\Users\MBRIS\.stmcufinder\plugins\mcufinder
2024-12-06 23:12:34,188 [INFO] ApiDb:250 - Set database path to: C:\Users\MBRIS\.stmcufinder\plugins\mcufinder//mcu/
2024-12-06 23:12:34,188 [WARN] DbFile:41 - Overriding database path with different value: C:\Users\MBRIS\.stmcufinder\plugins\mcufinder/ => C:\Users\MBRIS\.stmcufinder\plugins\mcufinder
2024-12-06 23:12:34,188 [INFO] DbMcusAds:125 - Set database path to: C:\Users\MBRIS\.stmcufinder\plugins\mcufinder//mcu/
2024-12-06 23:12:34,188 [WARN] DbFile:41 - Overriding database path with different value: C:\Users\MBRIS\.stmcufinder\plugins\mcufinder/ => C:\Users\MBRIS\.stmcufinder\plugins\mcufinder
2024-12-06 23:12:34,188 [WARN] DbFile:41 - Overriding database path with different value: C:\Users\MBRIS\.stmcufinder\plugins\mcufinder/ => C:\Users\MBRIS\.stmcufinder\plugins\mcufinder
2024-12-06 23:12:34,188 [INFO] CrossReferenceDbSqlite:203 - Set database path to: C:\Users\MBRIS\.stmcufinder\plugins\mcufinder//mcu/cs/
2024-12-06 23:12:34,366 [INFO] MainPanel:268 - HeapMemory: 268435456
2024-12-06 23:12:34,748 [INFO] DbMcusXml:78 - Set database path to: C:\ST\STM32CubeIDE_1.16.0\STM32CubeIDE\plugins\com.st.stm32cube.common.mx_6.12.0.202406281431\\db\/mcu/
2024-12-06 23:12:34,748 [INFO] ApiDb:274 - Set plugin database path to: C:\ST\STM32CubeIDE_1.16.0\STM32CubeIDE\plugins\com.st.stm32cube.common.mx_6.12.0.202406281431\\db\/plugins/boardmanager/
2024-12-06 23:12:34,749 [INFO] ApiDb:261 - Set plugin images path to: C:\ST\STM32CubeIDE_1.16.0\STM32CubeIDE\plugins\com.st.stm32cube.common.mx_6.12.0.202406281431\\db\/plugins/mcufinder/images/
2024-12-06 23:12:34,749 [WARN] DbFile:41 - Overriding database path with different value: C:\Users\MBRIS\.stmcufinder\plugins\mcufinder/ => C:\Users\MBRIS\.stmcufinder\plugins\mcufinder
2024-12-06 23:12:34,749 [INFO] ApiDb:250 - Set database path to: C:\Users\MBRIS\.stmcufinder\plugins\mcufinder//mcu/
2024-12-06 23:12:34,749 [WARN] DbFile:41 - Overriding database path with different value: C:\Users\MBRIS\.stmcufinder\plugins\mcufinder/ => C:\Users\MBRIS\.stmcufinder\plugins\mcufinder
2024-12-06 23:12:34,749 [INFO] DbMcusAds:125 - Set database path to: C:\Users\MBRIS\.stmcufinder\plugins\mcufinder//mcu/
2024-12-06 23:12:34,750 [WARN] DbFile:41 - Overriding database path with different value: C:\Users\MBRIS\.stmcufinder\plugins\mcufinder/ => C:\Users\MBRIS\.stmcufinder\plugins\mcufinder
2024-12-06 23:12:34,750 [WARN] DbFile:41 - Overriding database path with different value: C:\Users\MBRIS\.stmcufinder\plugins\mcufinder/ => C:\Users\MBRIS\.stmcufinder\plugins\mcufinder
2024-12-06 23:12:34,750 [INFO] CrossReferenceDbSqlite:203 - Set database path to: C:\Users\MBRIS\.stmcufinder\plugins\mcufinder//mcu/cs/
2024-12-06 23:12:34,774 [INFO] ApplicationProperties:184 - Using Application install path: C:\ST\STM32CubeIDE_1.16.0\STM32CubeIDE\plugins\com.st.stm32cube.common.mx_6.12.0.202406281431
2024-12-06 23:12:34,776 [INFO] PluginManage:196 - Search for loadable plugins [exclusion list=, ]
2024-12-06 23:12:34,778 [INFO] PluginManage:310 - Check plugin analytics
2024-12-06 23:12:39,713 [INFO] AnalyticsPlugin:253 - Accepted Software Licenses: 
2024-12-06 23:12:39,714 [INFO] AnalyticsPlugin:255 - Accepted CMSIS Pack Licenses: 
2024-12-06 23:12:39,715 [INFO] AnalyticsPlugin:257 - Accepted Firmware Licenses: 
2024-12-06 23:12:39,718 [INFO] PluginManage:359 - Loaded plugin analytics (category:tool,tabindex:-1)
2024-12-06 23:12:39,719 [INFO] PluginManage:310 - Check plugin cadmodel
2024-12-06 23:12:39,783 [INFO] CADModel:105 - Init CAD model plugin
2024-12-06 23:12:39,784 [INFO] PluginManage:359 - Loaded plugin cadmodel (category:power,tabindex:5)
2024-12-06 23:12:39,784 [INFO] PluginManage:310 - Check plugin clock
2024-12-06 23:12:39,845 [INFO] PluginManage:359 - Loaded plugin clock (category:base,tabindex:2)
2024-12-06 23:12:39,845 [INFO] PluginManage:310 - Check plugin ddr
2024-12-06 23:12:39,884 [INFO] PluginManage:359 - Loaded plugin ddr (category:tool,tabindex:6)
2024-12-06 23:12:39,884 [INFO] PluginManage:310 - Check plugin filemanager
2024-12-06 23:12:40,385 [INFO] PluginManage:359 - Loaded plugin filemanager (category:base,tabindex:10)
2024-12-06 23:12:40,386 [INFO] PluginManage:310 - Check plugin ipmanager
2024-12-06 23:12:40,411 [INFO] PluginManage:359 - Loaded plugin ipmanager (category:base,tabindex:5)
2024-12-06 23:12:40,412 [INFO] PluginManage:310 - Check plugin lpbam
2024-12-06 23:12:40,462 [INFO] PluginManage:359 - Loaded plugin lpbam (category:base,tabindex:0)
2024-12-06 23:12:40,463 [INFO] PluginManage:310 - Check plugin memorymap
2024-12-06 23:12:40,522 [INFO] PluginManage:359 - Loaded plugin memorymap (category:base,tabindex:4)
2024-12-06 23:12:40,523 [INFO] PluginManage:310 - Check plugin pinoutandconfiguration
2024-12-06 23:12:40,602 [INFO] PluginManage:359 - Loaded plugin pinoutandconfiguration (category:base,tabindex:1)
2024-12-06 23:12:40,602 [INFO] PluginManage:310 - Check plugin pinoutconfig
2024-12-06 23:12:40,797 [WARN] SupportedApi:132 - Cannot load RTOS API schema: s4s-elt-must-match.1: The content of 'definitions' must match (annotation?, (simpleType | complexType)?, (unique | key | keyref)*)). A problem was found starting at: attribute.
2024-12-06 23:12:41,085 [INFO] PluginManage:359 - Loaded plugin pinoutconfig (category:base,tabindex:0)
2024-12-06 23:12:41,086 [INFO] PluginManage:310 - Check plugin power
2024-12-06 23:12:41,163 [INFO] PluginManage:359 - Loaded plugin power (category:power,tabindex:4)
2024-12-06 23:12:41,163 [INFO] PluginManage:310 - Check plugin projectmanager
2024-12-06 23:12:41,198 [INFO] PluginManage:359 - Loaded plugin projectmanager (category:projectmanager,tabindex:4)
2024-12-06 23:12:41,198 [INFO] PluginManage:310 - Check plugin rif
2024-12-06 23:12:41,307 [INFO] PluginManage:359 - Loaded plugin rif (category:base,tabindex:3)
2024-12-06 23:12:41,308 [INFO] PluginManage:310 - Check plugin thirdparty
2024-12-06 23:12:42,192 [INFO] PluginManage:359 - Loaded plugin thirdparty (category:base,tabindex:-1)
2024-12-06 23:12:42,193 [INFO] PluginManage:310 - Check plugin tools
2024-12-06 23:12:42,196 [WARN] IntegrityCheckThread:84 - waiting for thirdparty lock release [integrity check]
2024-12-06 23:12:42,197 [INFO] IntegrityCheckThread:86 - entering critical section [integrity check]
2024-12-06 23:12:42,199 [INFO] ThirdPartyUpdaterWithRetryManager:70 - Updater plugin not ready yet. [1/15]
2024-12-06 23:12:42,387 [INFO] PluginManage:359 - Loaded plugin tools (category:base,tabindex:7)
2024-12-06 23:12:42,387 [INFO] PluginManage:310 - Check plugin tutovideos
2024-12-06 23:12:42,788 [INFO] PluginManage:359 - Loaded plugin tutovideos (category:base,tabindex:-1)
2024-12-06 23:12:42,788 [INFO] PluginManage:310 - Check plugin updater
2024-12-06 23:12:42,907 [INFO] PluginManage:359 - Loaded plugin updater (category:base,tabindex:12)
2024-12-06 23:12:42,908 [INFO] PluginManage:310 - Check plugin userauth
2024-12-06 23:12:42,926 [INFO] UserAuth:113 - Init User Auth plugin
2024-12-06 23:12:42,926 [INFO] PluginManage:359 - Loaded plugin userauth (category:base,tabindex:14)
2024-12-06 23:12:42,927 [INFO] PluginManage:283 - PluginManage : Loaded plugins [18]
2024-12-06 23:12:43,330 [INFO] PinOutPanel:1561 - setPackage(No Configuration,No Configuration)
2024-12-06 23:12:43,531 [INFO] CADModel:165 - CPN selected for project level
2024-12-06 23:12:43,531 [INFO] CADModel:114 - Register for checkConnection events
2024-12-06 23:12:43,595 [INFO] IPUIPlugin:80 - create IPUIPlugin
2024-12-06 23:12:43,595 [INFO] PluginManager:220 - loadIPPluginJar : add adc
2024-12-06 23:12:43,666 [INFO] IPUIPlugin:80 - create IPUIPlugin
2024-12-06 23:12:43,666 [INFO] PluginManager:220 - loadIPPluginJar : add aes
2024-12-06 23:12:43,768 [INFO] IPUIPlugin:80 - create IPUIPlugin
2024-12-06 23:12:43,770 [INFO] PluginManager:220 - loadIPPluginJar : add can
2024-12-06 23:12:43,808 [INFO] IPUIPlugin:80 - create IPUIPlugin
2024-12-06 23:12:43,808 [INFO] PluginManager:220 - loadIPPluginJar : add comp
2024-12-06 23:12:43,885 [INFO] IPUIPlugin:80 - create IPUIPlugin
2024-12-06 23:12:43,885 [INFO] PluginManager:220 - loadIPPluginJar : add cryp
2024-12-06 23:12:43,943 [INFO] IPUIPlugin:80 - create IPUIPlugin
2024-12-06 23:12:43,943 [INFO] PluginManager:220 - loadIPPluginJar : add ddr_ctrl_phy
2024-12-06 23:12:43,991 [INFO] IPUIPlugin:80 - create IPUIPlugin
2024-12-06 23:12:43,991 [INFO] PluginManager:220 - loadIPPluginJar : add dfsdm
2024-12-06 23:12:44,036 [INFO] IPUIPlugin:80 - create IPUIPlugin
2024-12-06 23:12:44,037 [INFO] PluginManager:220 - loadIPPluginJar : add dma
2024-12-06 23:12:44,123 [INFO] IPUIPlugin:80 - create IPUIPlugin
2024-12-06 23:12:44,123 [INFO] PluginManager:220 - loadIPPluginJar : add dma3
2024-12-06 23:12:44,212 [INFO] IPUIPlugin:80 - create IPUIPlugin
2024-12-06 23:12:44,213 [INFO] PluginManager:220 - loadIPPluginJar : add extmemmanager
2024-12-06 23:12:44,273 [INFO] IPUIPlugin:80 - create IPUIPlugin
2024-12-06 23:12:44,273 [INFO] PluginManager:220 - loadIPPluginJar : add fatfs
2024-12-06 23:12:44,363 [INFO] IPUIPlugin:80 - create IPUIPlugin
2024-12-06 23:12:44,363 [INFO] PluginManager:220 - loadIPPluginJar : add fmc
2024-12-06 23:12:44,402 [INFO] IPUIPlugin:80 - create IPUIPlugin
2024-12-06 23:12:44,402 [INFO] PluginManager:220 - loadIPPluginJar : add freertos
2024-12-06 23:12:44,438 [INFO] IPUIPlugin:80 - create IPUIPlugin
2024-12-06 23:12:44,438 [INFO] PluginManager:220 - loadIPPluginJar : add genericplugin
2024-12-06 23:12:44,613 [INFO] IPUIPlugin:80 - create IPUIPlugin
2024-12-06 23:12:44,614 [INFO] PluginManager:220 - loadIPPluginJar : add gfxmmu
2024-12-06 23:12:44,827 [INFO] IPUIPlugin:80 - create IPUIPlugin
2024-12-06 23:12:44,828 [INFO] PluginManager:220 - loadIPPluginJar : add gic
2024-12-06 23:12:44,935 [INFO] IPUIPlugin:80 - create IPUIPlugin
2024-12-06 23:12:44,935 [INFO] PluginManager:220 - loadIPPluginJar : add gpio
2024-12-06 23:12:45,131 [INFO] IPUIPlugin:80 - create IPUIPlugin
2024-12-06 23:12:45,132 [INFO] PluginManager:220 - loadIPPluginJar : add gtzc
2024-12-06 23:12:45,200 [INFO] ThirdPartyUpdaterWithRetryManager:70 - Updater plugin not ready yet. [2/15]
2024-12-06 23:12:45,204 [INFO] IPUIPlugin:80 - create IPUIPlugin
2024-12-06 23:12:45,205 [INFO] PluginManager:220 - loadIPPluginJar : add hash
2024-12-06 23:12:45,339 [INFO] IPUIPlugin:80 - create IPUIPlugin
2024-12-06 23:12:45,339 [INFO] PluginManager:220 - loadIPPluginJar : add i2c
2024-12-06 23:12:45,417 [INFO] IPUIPlugin:80 - create IPUIPlugin
2024-12-06 23:12:45,418 [INFO] PluginManager:220 - loadIPPluginJar : add i2s
2024-12-06 23:12:45,499 [INFO] IPUIPlugin:80 - create IPUIPlugin
2024-12-06 23:12:45,500 [INFO] PluginManager:220 - loadIPPluginJar : add i3c
2024-12-06 23:12:45,659 [INFO] IPUIPlugin:80 - create IPUIPlugin
2024-12-06 23:12:45,660 [INFO] PluginManager:220 - loadIPPluginJar : add ipddr
2024-12-06 23:12:45,848 [INFO] IPUIPlugin:80 - create IPUIPlugin
2024-12-06 23:12:45,848 [INFO] PluginManager:220 - loadIPPluginJar : add linkedlist
2024-12-06 23:12:45,918 [INFO] IPUIPlugin:80 - create IPUIPlugin
2024-12-06 23:12:45,919 [INFO] PluginManager:220 - loadIPPluginJar : add lorawan
2024-12-06 23:12:46,007 [INFO] IPUIPlugin:80 - create IPUIPlugin
2024-12-06 23:12:46,008 [INFO] PluginManager:220 - loadIPPluginJar : add ltdc
2024-12-06 23:12:46,051 [INFO] IPUIPlugin:80 - create IPUIPlugin
2024-12-06 23:12:46,052 [INFO] PluginManager:220 - loadIPPluginJar : add mdma
2024-12-06 23:12:46,094 [INFO] IPUIPlugin:80 - create IPUIPlugin
2024-12-06 23:12:46,094 [INFO] PluginManager:220 - loadIPPluginJar : add nvic
2024-12-06 23:12:46,167 [INFO] IPUIPlugin:80 - create IPUIPlugin
2024-12-06 23:12:46,167 [INFO] PluginManager:220 - loadIPPluginJar : add opamp
2024-12-06 23:12:46,284 [INFO] IPUIPlugin:80 - create IPUIPlugin
2024-12-06 23:12:46,284 [INFO] PluginManager:220 - loadIPPluginJar : add openamp
2024-12-06 23:12:46,373 [INFO] IPUIPlugin:80 - create IPUIPlugin
2024-12-06 23:12:46,374 [INFO] PluginManager:220 - loadIPPluginJar : add pdm2pcm
2024-12-06 23:12:46,417 [INFO] IPUIPlugin:80 - create IPUIPlugin
2024-12-06 23:12:46,420 [INFO] PluginManager:220 - loadIPPluginJar : add plateformsettings
2024-12-06 23:12:46,479 [INFO] IPUIPlugin:80 - create IPUIPlugin
2024-12-06 23:12:46,479 [INFO] PluginManager:220 - loadIPPluginJar : add quadspi
2024-12-06 23:12:46,531 [INFO] IPUIPlugin:80 - create IPUIPlugin
2024-12-06 23:12:46,532 [INFO] PluginManager:220 - loadIPPluginJar : add radio
2024-12-06 23:12:46,560 [INFO] IPUIPlugin:80 - create IPUIPlugin
2024-12-06 23:12:46,560 [INFO] PluginManager:220 - loadIPPluginJar : add resmgrutility
2024-12-06 23:12:46,672 [INFO] IPUIPlugin:80 - create IPUIPlugin
2024-12-06 23:12:46,672 [INFO] PluginManager:220 - loadIPPluginJar : add sai
2024-12-06 23:12:46,747 [INFO] IPUIPlugin:80 - create IPUIPlugin
2024-12-06 23:12:46,747 [INFO] PluginManager:220 - loadIPPluginJar : add spi
2024-12-06 23:12:46,882 [INFO] IPUIPlugin:80 - create IPUIPlugin
2024-12-06 23:12:46,882 [INFO] PluginManager:220 - loadIPPluginJar : add stm32_wpan
2024-12-06 23:12:46,935 [INFO] IPUIPlugin:80 - create IPUIPlugin
2024-12-06 23:12:46,935 [INFO] PluginManager:220 - loadIPPluginJar : add tim
2024-12-06 23:12:47,046 [INFO] IPUIPlugin:80 - create IPUIPlugin
2024-12-06 23:12:47,047 [INFO] PluginManager:220 - loadIPPluginJar : add touchsensing
2024-12-06 23:12:47,125 [INFO] IPUIPlugin:80 - create IPUIPlugin
2024-12-06 23:12:47,125 [INFO] PluginManager:220 - loadIPPluginJar : add tracer_emb
2024-12-06 23:12:47,164 [INFO] IPUIPlugin:80 - create IPUIPlugin
2024-12-06 23:12:47,164 [INFO] PluginManager:220 - loadIPPluginJar : add ts
2024-12-06 23:12:47,215 [INFO] IPUIPlugin:80 - create IPUIPlugin
2024-12-06 23:12:47,216 [INFO] PluginManager:220 - loadIPPluginJar : add tsc
2024-12-06 23:12:47,337 [INFO] IPUIPlugin:80 - create IPUIPlugin
2024-12-06 23:12:47,338 [INFO] PluginManager:220 - loadIPPluginJar : add ucpd
2024-12-06 23:12:47,426 [INFO] IPUIPlugin:80 - create IPUIPlugin
2024-12-06 23:12:47,426 [INFO] PluginManager:220 - loadIPPluginJar : add usart
2024-12-06 23:12:47,494 [INFO] IPUIPlugin:80 - create IPUIPlugin
2024-12-06 23:12:47,494 [INFO] PluginManager:220 - loadIPPluginJar : add usbx
2024-12-06 23:12:47,692 [INFO] CADModel:165 - CPN selected for project level
2024-12-06 23:12:47,693 [INFO] CADModel:114 - Register for checkConnection events
2024-12-06 23:12:47,693 [FATAL] Updater:334 - Updater called before beeing initialized
2024-12-06 23:12:47,693 [ERROR] CADModel:125 - Updater not yet initialized, retry later 
2024-12-06 23:12:48,204 [INFO] ThirdPartyUpdaterWithRetryManager:70 - Updater plugin not ready yet. [3/15]
2024-12-06 23:12:48,383 [INFO] CADModel:165 - CPN selected for project level
2024-12-06 23:12:48,383 [INFO] CADModel:114 - Register for checkConnection events
2024-12-06 23:12:48,383 [FATAL] Updater:334 - Updater called before beeing initialized
2024-12-06 23:12:48,383 [ERROR] CADModel:125 - Updater not yet initialized, retry later 
2024-12-06 23:12:48,401 [FATAL] Updater:334 - Updater called before beeing initialized
2024-12-06 23:12:48,687 [FATAL] Updater:334 - Updater called before beeing initialized
2024-12-06 23:12:48,735 [INFO] DbMcusAds:53 - JSON generation date=Thu May 16 06:22:00 ART 2024 (1715851320667)
2024-12-06 23:12:48,735 [FATAL] Updater:334 - Updater called before beeing initialized
2024-12-06 23:12:48,882 [WARN] DetailPanel:346 - Failed to get advertising image, set to default
2024-12-06 23:12:49,014 [FATAL] Updater:334 - Updater called before beeing initialized
2024-12-06 23:12:49,016 [FATAL] Updater:334 - Updater called before beeing initialized
2024-12-06 23:12:49,016 [FATAL] Updater:334 - Updater called before beeing initialized
2024-12-06 23:12:49,016 [WARN] DetailPanel:346 - Failed to get advertising image, set to default
2024-12-06 23:12:49,018 [FATAL] Updater:334 - Updater called before beeing initialized
2024-12-06 23:12:49,183 [ERROR] Updater:1164 - MainUpdater not yet initialized. External WinMGr cannot be set.
2024-12-06 23:12:49,205 [INFO] Updater:1100 - Updater Version found : 6.12.0
2024-12-06 23:12:49,259 [INFO] ApplicationProperties:184 - Using Application install path: C:\ST\STM32CubeIDE_1.16.0\STM32CubeIDE\plugins\com.st.stm32cube.common.mx_6.12.0.202406281431
2024-12-06 23:12:51,205 [FATAL] Updater:334 - Updater called before beeing initialized
2024-12-06 23:12:51,208 [INFO] MainUpdater:2873 - connection check result : 10
2024-12-06 23:12:51,209 [INFO] MainUpdater:290 - Updater Check For Update Now.
2024-12-06 23:12:51,209 [INFO] MicroXplorer:498 - Change Database Version : DB.6.0.120
2024-12-06 23:12:51,210 [ERROR] IntegrityCheckThread:130 - Cannot retrieve database content from updater: error 21
2024-12-06 23:12:51,211 [INFO] ThirdParty:978 - Integrity check success = false
2024-12-06 23:12:51,211 [INFO] IntegrityCheckThread:100 - exiting critical section [integrity check]
2024-12-06 23:12:51,211 [INFO] IntegrityCheckThread:103 - End integrity checks thread
2024-12-06 23:12:51,253 [INFO] McuFinderGlobals:63 - Set McuFinder mode to 2 (CubeIDE integrated)
2024-12-06 23:12:51,284 [INFO] UserAuth:417 - Internet connection configuration mode: 1
2024-12-06 23:12:51,553 [INFO] JxBrowserEngine:152 - Initiate JxBrowser Engine with user profile folder
2024-12-06 23:12:51,782 [INFO] CheckServerUpdateThread:120 - End of CheckServer Thread
2024-12-06 23:13:19,226 [INFO] WebApp:167 - Instantiating new browser for Auth
2024-12-06 23:13:26,074 [INFO] WebApp:448 - Apply proxy settings
2024-12-06 23:13:26,074 [INFO] WebApp:533 - Chromium requires no authentication
2024-12-06 23:13:26,544 [INFO] WebApp:476 - Direct internet connection detected
2024-12-06 23:13:27,074 [INFO] WebApp:869 - Register for checkConnection events
2024-12-06 23:13:27,074 [INFO] WebApp:448 - Apply proxy settings
2024-12-06 23:13:27,074 [INFO] WebApp:533 - Chromium requires no authentication
2024-12-06 23:13:27,075 [INFO] WebApp:476 - Direct internet connection detected
2024-12-06 23:13:29,631 [INFO] WebApp:186 - Connection restablished
2024-12-06 23:13:30,637 [INFO] WebApp:220 - Starting web application
2024-12-06 23:13:30,637 [INFO] WebApp:578 - Web application path used C:\ST\STM32CubeIDE_1.16.0\STM32CubeIDE\plugins\com.st.stm32cube.common.mx_6.12.0.202406281431\db\plugins\mcufinder\reactClient1\index.html
2024-12-06 23:13:31,761 [INFO] UserAuth:417 - Internet connection configuration mode: 1
